#
# There is insufficient memory for the Java Runtime Environment to continue.
# Native memory allocation (mmap) failed to map 47185920 bytes for G1 virtual space
# Possible reasons:
#   The system is out of physical RAM or swap space
#   The process is running with CompressedOops enabled, and the Java Heap may be blocking the growth of the native heap
# Possible solutions:
#   Reduce memory load on the system
#   Increase physical memory or swap space
#   Check if swap backing store is full
#   Decrease Java heap size (-Xmx/-Xms)
#   Decrease number of Java threads
#   Decrease Java thread stack sizes (-Xss)
#   Set larger code cache with -XX:ReservedCodeCacheSize=
#   JVM is running with Unscaled Compressed Oops mode in which the Java heap is
#     placed in the first 4GB address space. The Java Heap base address is the
#     maximum limit for the native heap growth. Please use -XX:HeapBaseMinAddress
#     to set the Java Heap base and to place the Java Heap above 4GB virtual address.
# This output file may be truncated or incomplete.
#
#  Out of Memory Error (os_windows.cpp:3613), pid=20716, tid=25632
#
# JRE version: OpenJDK Runtime Environment (17.0.10+13) (build 17.0.10+13-LTS)
# Java VM: OpenJDK 64-Bit Server VM (17.0.10+13-LTS, mixed mode, sharing, tiered, compressed oops, compressed class ptrs, g1 gc, windows-amd64)
# No core dump will be written. Minidumps are not enabled by default on client versions of Windows
#

---------------  S U M M A R Y ------------

Command Line: -XX:TieredStopAtLevel=1 -Dspring.output.ansi.enabled=always -Dcom.sun.management.jmxremote -Dspring.jmx.enabled=true -Dspring.liveBeansView.mbeanDomain -Dspring.application.admin.enabled=true -Dmanagement.endpoints.jmx.exposure.include=* -javaagent:D:\intellij\IntelliJ IDEA 2023.3.6\lib\idea_rt.jar=54568:D:\intellij\IntelliJ IDEA 2023.3.6\bin -Dfile.encoding=UTF-8 com.knu.mockin.MockinApplicationKt

Host: Intel(R) Core(TM) i5-8265U CPU @ 1.60GHz, 8 cores, 7G,  Windows 10 , 64 bit Build 19041 (10.0.19041.4842)
Time: Tue Oct  8 16:56:03 2024  Windows 10 , 64 bit Build 19041 (10.0.19041.4842) elapsed time: 10.628726 seconds (0d 0h 0m 10s)

---------------  T H R E A D  ---------------

Current thread (0x000001edff81f190):  VMThread "VM Thread" [stack: 0x0000002344c00000,0x0000002344d00000] [id=25632]

Stack: [0x0000002344c00000,0x0000002344d00000]
Native frames: (J=compiled Java code, j=interpreted, Vv=VM code, C=native code)
V  [jvm.dll+0x67c489]
V  [jvm.dll+0x8329f8]
V  [jvm.dll+0x8344be]
V  [jvm.dll+0x834b23]
V  [jvm.dll+0x24805f]
V  [jvm.dll+0x6792b9]
V  [jvm.dll+0x66de1a]
V  [jvm.dll+0x306976]
V  [jvm.dll+0x30dd66]
V  [jvm.dll+0x35d73e]
V  [jvm.dll+0x35d96f]
V  [jvm.dll+0x2dd718]
V  [jvm.dll+0x2dbb15]
V  [jvm.dll+0x2db11c]
V  [jvm.dll+0x31ebdb]
V  [jvm.dll+0x83933b]
V  [jvm.dll+0x83a081]
V  [jvm.dll+0x83a59d]
V  [jvm.dll+0x83a974]
V  [jvm.dll+0x83aa40]
V  [jvm.dll+0x7e218a]
V  [jvm.dll+0x67b375]
C  [ucrtbase.dll+0x21bb2]
C  [KERNEL32.DLL+0x17374]
C  [ntdll.dll+0x4cc91]

VM_Operation (0x00000023487fccd0): G1CollectForAllocation, mode: safepoint, requested by thread 0x000001edcd527de0


---------------  P R O C E S S  ---------------

Threads class SMR info:
_java_thread_list=0x000001edcd758410, length=56, elements={
0x000001edff8291c0, 0x000001edff82a040, 0x000001edff8483e0, 0x000001edff84a270,
0x000001edff84f5f0, 0x000001edff850a30, 0x000001edff852ae0, 0x000001edff8569e0,
0x000001edff84fb00, 0x000001edcb0ac8e0, 0x000001edff84f0e0, 0x000001edff84dca0,
0x000001edcb611ac0, 0x000001edcb624810, 0x000001edff84e1b0, 0x000001edff850520,
0x000001edff850010, 0x000001edff851450, 0x000001edcd0b43d0, 0x000001edcd0b5300,
0x000001edcd0b6230, 0x000001edcd0b3ec0, 0x000001edcd0b6c50, 0x000001edcd0b48e0,
0x000001edcd0b5810, 0x000001edcd0b6740, 0x000001edcd0b5d20, 0x000001edcd0b4df0,
0x000001edcd0b34a0, 0x000001edcd0b39b0, 0x000001edcd525f80, 0x000001edcd52a660,
0x000001edcd5282f0, 0x000001edcd52baa0, 0x000001edcd529220, 0x000001edcd5273c0,
0x000001edcd52b590, 0x000001edcd525a70, 0x000001edcd5269a0, 0x000001edcd526eb0,
0x000001edcd52ab70, 0x000001edcd529730, 0x000001edcd528800, 0x000001edcd529c40,
0x000001edcd526490, 0x000001edcd52bfb0, 0x000001edcd5278d0, 0x000001edcd52c4c0,
0x000001edcd527de0, 0x000001edcd52a150, 0x000001edcd528d10, 0x000001edcd525050,
0x000001edcd52b080, 0x000001edcd52c9d0, 0x000001edcd525560, 0x000001edff850f40
}

Java Threads: ( => current thread )
  0x000001edff8291c0 JavaThread "Reference Handler" daemon [_thread_blocked, id=16452, stack(0x0000002344d00000,0x0000002344e00000)]
  0x000001edff82a040 JavaThread "Finalizer" daemon [_thread_blocked, id=29440, stack(0x0000002344e00000,0x0000002344f00000)]
  0x000001edff8483e0 JavaThread "Signal Dispatcher" daemon [_thread_blocked, id=31848, stack(0x0000002344f00000,0x0000002345000000)]
  0x000001edff84a270 JavaThread "Attach Listener" daemon [_thread_blocked, id=31788, stack(0x0000002345000000,0x0000002345100000)]
  0x000001edff84f5f0 JavaThread "Service Thread" daemon [_thread_blocked, id=30120, stack(0x0000002345100000,0x0000002345200000)]
  0x000001edff850a30 JavaThread "Monitor Deflation Thread" daemon [_thread_blocked, id=9840, stack(0x0000002345200000,0x0000002345300000)]
  0x000001edff852ae0 JavaThread "C1 CompilerThread0" daemon [_thread_blocked, id=24660, stack(0x0000002345300000,0x0000002345400000)]
  0x000001edff8569e0 JavaThread "Sweeper thread" daemon [_thread_blocked, id=17668, stack(0x0000002345400000,0x0000002345500000)]
  0x000001edff84fb00 JavaThread "Common-Cleaner" daemon [_thread_blocked, id=3148, stack(0x0000002345500000,0x0000002345600000)]
  0x000001edcb0ac8e0 JavaThread "C1 CompilerThread1" daemon [_thread_blocked, id=24336, stack(0x0000002345600000,0x0000002345700000)]
  0x000001edff84f0e0 JavaThread "Monitor Ctrl-Break" daemon [_thread_in_native, id=19664, stack(0x0000002345700000,0x0000002345800000)]
  0x000001edff84dca0 JavaThread "Notification Thread" daemon [_thread_blocked, id=18024, stack(0x0000002345800000,0x0000002345900000)]
  0x000001edcb611ac0 JavaThread "C1 CompilerThread2" daemon [_thread_blocked, id=17612, stack(0x0000002345900000,0x0000002345a00000)]
  0x000001edcb624810 JavaThread "C1 CompilerThread3" daemon [_thread_blocked, id=32664, stack(0x0000002345a00000,0x0000002345b00000)]
  0x000001edff84e1b0 JavaThread "RMI TCP Accept-0" daemon [_thread_in_native, id=23328, stack(0x0000002345b00000,0x0000002345c00000)]
  0x000001edff850520 JavaThread "RMI TCP Connection(1)-172.28.112.1" daemon [_thread_in_native, id=31916, stack(0x0000002346600000,0x0000002346700000)]
  0x000001edff850010 JavaThread "RMI Scheduler(0)" daemon [_thread_blocked, id=17772, stack(0x0000002346700000,0x0000002346800000)]
  0x000001edff851450 JavaThread "Catalina-utility-1" [_thread_blocked, id=11868, stack(0x0000002346900000,0x0000002346a00000)]
  0x000001edcd0b43d0 JavaThread "Catalina-utility-2" [_thread_blocked, id=22868, stack(0x0000002346a00000,0x0000002346b00000)]
  0x000001edcd0b5300 JavaThread "container-0" [_thread_blocked, id=13372, stack(0x0000002346c00000,0x0000002346d00000)]
  0x000001edcd0b6230 JavaThread "boundedElastic-evictor-1" daemon [_thread_blocked, id=23828, stack(0x0000002346d00000,0x0000002346e00000)]
  0x000001edcd0b3ec0 JavaThread "parallel-1" daemon [_thread_blocked, id=17484, stack(0x0000002346e00000,0x0000002346f00000)]
  0x000001edcd0b6c50 JavaThread "Live Reload Server" daemon [_thread_in_native, id=18736, stack(0x0000002347000000,0x0000002347100000)]
  0x000001edcd0b48e0 JavaThread "File Watcher" daemon [_thread_blocked, id=12836, stack(0x0000002346f00000,0x0000002347000000)]
  0x000001edcd0b5810 JavaThread "http-nio-8080-exec-1" daemon [_thread_blocked, id=3660, stack(0x0000002347100000,0x0000002347200000)]
  0x000001edcd0b6740 JavaThread "http-nio-8080-exec-2" daemon [_thread_blocked, id=26848, stack(0x0000002347200000,0x0000002347300000)]
  0x000001edcd0b5d20 JavaThread "http-nio-8080-exec-3" daemon [_thread_blocked, id=26128, stack(0x0000002347300000,0x0000002347400000)]
  0x000001edcd0b4df0 JavaThread "http-nio-8080-exec-4" daemon [_thread_blocked, id=24032, stack(0x0000002347400000,0x0000002347500000)]
  0x000001edcd0b34a0 JavaThread "http-nio-8080-exec-5" daemon [_thread_blocked, id=832, stack(0x0000002347500000,0x0000002347600000)]
  0x000001edcd0b39b0 JavaThread "http-nio-8080-exec-6" daemon [_thread_blocked, id=17168, stack(0x0000002347600000,0x0000002347700000)]
  0x000001edcd525f80 JavaThread "http-nio-8080-exec-7" daemon [_thread_blocked, id=24024, stack(0x0000002347700000,0x0000002347800000)]
  0x000001edcd52a660 JavaThread "http-nio-8080-exec-8" daemon [_thread_blocked, id=26188, stack(0x0000002347800000,0x0000002347900000)]
  0x000001edcd5282f0 JavaThread "http-nio-8080-exec-9" daemon [_thread_blocked, id=21020, stack(0x0000002347900000,0x0000002347a00000)]
  0x000001edcd52baa0 JavaThread "http-nio-8080-exec-10" daemon [_thread_blocked, id=30220, stack(0x0000002347a00000,0x0000002347b00000)]
  0x000001edcd529220 JavaThread "http-nio-8080-Poller" daemon [_thread_in_native, id=26176, stack(0x0000002347b00000,0x0000002347c00000)]
  0x000001edcd5273c0 JavaThread "http-nio-8080-Acceptor" daemon [_thread_in_native, id=18972, stack(0x0000002347c00000,0x0000002347d00000)]
  0x000001edcd52b590 JavaThread "DestroyJavaVM" [_thread_blocked, id=26740, stack(0x0000002344600000,0x0000002344700000)]
  0x000001edcd525a70 JavaThread "RMI TCP Connection(2)-172.28.112.1" daemon [_thread_in_native, id=22508, stack(0x0000002346400000,0x0000002346500000)]
  0x000001edcd5269a0 JavaThread "single-1" daemon [_thread_blocked, id=1444, stack(0x0000002346500000,0x0000002346600000)]
  0x000001edcd526eb0 JavaThread "reactor-tcp-nio-1" daemon [_thread_in_native, id=20016, stack(0x0000002347d00000,0x0000002347e00000)]
  0x000001edcd52ab70 JavaThread "reactor-tcp-nio-2" daemon [_thread_blocked, id=13452, stack(0x0000002347e00000,0x0000002347f00000)]
  0x000001edcd529730 JavaThread "reactor-tcp-nio-3" daemon [_thread_in_native, id=25704, stack(0x0000002347f00000,0x0000002348000000)]
  0x000001edcd528800 JavaThread "reactor-tcp-nio-4" daemon [_thread_in_native, id=17548, stack(0x0000002348000000,0x0000002348100000)]
  0x000001edcd529c40 JavaThread "reactor-tcp-nio-5" daemon [_thread_in_native, id=32368, stack(0x0000002348100000,0x0000002348200000)]
  0x000001edcd526490 JavaThread "reactor-tcp-nio-6" daemon [_thread_in_native, id=13400, stack(0x0000002348200000,0x0000002348300000)]
  0x000001edcd52bfb0 JavaThread "reactor-tcp-nio-7" daemon [_thread_in_native, id=26688, stack(0x0000002348300000,0x0000002348400000)]
  0x000001edcd5278d0 JavaThread "reactor-tcp-nio-8" daemon [_thread_in_native, id=22372, stack(0x0000002348400000,0x0000002348500000)]
  0x000001edcd52c4c0 JavaThread "Thread-15" daemon [_thread_in_native, id=21308, stack(0x0000002348500000,0x0000002348600000)]
  0x000001edcd527de0 JavaThread "reactor-http-nio-1" daemon [_thread_blocked, id=31348, stack(0x0000002348700000,0x0000002348800000)]
  0x000001edcd52a150 JavaThread "reactor-http-nio-2" daemon [_thread_in_native, id=21052, stack(0x0000002348800000,0x0000002348900000)]
  0x000001edcd528d10 JavaThread "reactor-http-nio-3" daemon [_thread_in_native, id=22092, stack(0x0000002348900000,0x0000002348a00000)]
  0x000001edcd525050 JavaThread "reactor-http-nio-4" daemon [_thread_in_native, id=13172, stack(0x0000002348a00000,0x0000002348b00000)]
  0x000001edcd52b080 JavaThread "reactor-http-nio-5" daemon [_thread_in_native, id=26364, stack(0x0000002348b00000,0x0000002348c00000)]
  0x000001edcd52c9d0 JavaThread "reactor-http-nio-6" daemon [_thread_in_native, id=18484, stack(0x0000002348c00000,0x0000002348d00000)]
  0x000001edcd525560 JavaThread "reactor-http-nio-7" daemon [_thread_in_native, id=25544, stack(0x0000002348d00000,0x0000002348e00000)]
  0x000001edff850f40 JavaThread "reactor-http-nio-8" daemon [_thread_in_native, id=28808, stack(0x0000002348e00000,0x0000002348f00000)]

Other Threads:
=>0x000001edff81f190 VMThread "VM Thread" [stack: 0x0000002344c00000,0x0000002344d00000] [id=25632]
  0x000001edf15c74e0 WatcherThread [stack: 0x0000002345c00000,0x0000002345d00000] [id=15452]
  0x000001edf161ebb0 GCTaskThread "GC Thread#0" [stack: 0x0000002344700000,0x0000002344800000] [id=32220]
  0x000001edcb9775a0 GCTaskThread "GC Thread#1" [stack: 0x0000002345d00000,0x0000002345e00000] [id=31332]
  0x000001edcb9ef010 GCTaskThread "GC Thread#2" [stack: 0x0000002345e00000,0x0000002345f00000] [id=13176]
  0x000001edcba285c0 GCTaskThread "GC Thread#3" [stack: 0x0000002345f00000,0x0000002346000000] [id=32032]
  0x000001edcba28880 GCTaskThread "GC Thread#4" [stack: 0x0000002346000000,0x0000002346100000] [id=19140]
  0x000001edcba29350 GCTaskThread "GC Thread#5" [stack: 0x0000002346100000,0x0000002346200000] [id=25776]
  0x000001edcba29610 GCTaskThread "GC Thread#6" [stack: 0x0000002346200000,0x0000002346300000] [id=28116]
  0x000001edcbbddbb0 GCTaskThread "GC Thread#7" [stack: 0x0000002346800000,0x0000002346900000] [id=24044]
  0x000001edf162f4c0 ConcurrentGCThread "G1 Main Marker" [stack: 0x0000002344800000,0x0000002344900000] [id=31860]
  0x000001edf1631690 ConcurrentGCThread "G1 Conc#0" [stack: 0x0000002344900000,0x0000002344a00000] [id=22940]
  0x000001edcc6d5ae0 ConcurrentGCThread "G1 Conc#1" [stack: 0x0000002346b00000,0x0000002346c00000] [id=2980]
  0x000001edff6dc120 ConcurrentGCThread "G1 Refine#0" [stack: 0x0000002344a00000,0x0000002344b00000] [id=22280]
  0x000001edcba13d90 ConcurrentGCThread "G1 Refine#1" [stack: 0x0000002346300000,0x0000002346400000] [id=3588]
  0x000001edff6dc960 ConcurrentGCThread "G1 Service" [stack: 0x0000002344b00000,0x0000002344c00000] [id=15876]

Threads with active compile tasks:

VM state: at safepoint (normal execution)

VM Mutex/Monitor currently owned by a thread:  ([mutex/lock_event])
[0x000001edf15c2b00] Threads_lock - owner thread: 0x000001edff81f190
[0x000001edf15c1ea0] Heap_lock - owner thread: 0x000001edcd527de0

Heap address: 0x0000000083200000, size: 1998 MB, Compressed Oops mode: 32-bit

CDS archive(s) mapped at: [0x000001ed86000000-0x000001ed86bb0000-0x000001ed86bb0000), size 12255232, SharedBaseAddress: 0x000001ed86000000, ArchiveRelocationMode: 1.
Compressed class space mapped at: 0x000001ed87000000-0x000001edc7000000, reserved size: 1073741824
Narrow klass base: 0x000001ed86000000, Narrow klass shift: 0, Narrow klass range: 0x100000000

GC Precious Log:
 CPUs: 8 total, 8 available
 Memory: 7986M
 Large Page Support: Disabled
 NUMA Support: Disabled
 Compressed Oops: Enabled (32-bit)
 Heap Region Size: 1M
 Heap Min Capacity: 8M
 Heap Initial Capacity: 126M
 Heap Max Capacity: 1998M
 Pre-touch: Disabled
 Parallel Workers: 8
 Concurrent Workers: 2
 Concurrent Refinement Workers: 8
 Periodic GC: Disabled

Heap:
 garbage-first heap   total 73728K, used 55402K [0x0000000083200000, 0x0000000100000000)
  region size 1024K, 1 young (1024K), 1 survivors (1024K)
 Metaspace       used 62863K, committed 63424K, reserved 1114112K
  class space    used 8700K, committed 8960K, reserved 1048576K

Heap Regions: E=young(eden), S=young(survivor), O=old, HS=humongous(starts), HC=humongous(continues), CS=collection set, F=free, OA=open archive, CA=closed archive, TAMS=top-at-mark-start (previous, next)
|   0|0x0000000083200000, 0x0000000083300000, 0x0000000083300000|100%| O|  |TAMS 0x0000000083300000, 0x0000000083300000| Untracked 
|   1|0x0000000083300000, 0x0000000083400000, 0x0000000083400000|100%| O|  |TAMS 0x0000000083400000, 0x0000000083400000| Untracked 
|   2|0x0000000083400000, 0x0000000083500000, 0x0000000083500000|100%| O|  |TAMS 0x0000000083500000, 0x0000000083500000| Untracked 
|   3|0x0000000083500000, 0x0000000083600000, 0x0000000083600000|100%| O|  |TAMS 0x0000000083600000, 0x0000000083600000| Untracked 
|   4|0x0000000083600000, 0x0000000083700000, 0x0000000083700000|100%| O|  |TAMS 0x0000000083700000, 0x0000000083700000| Untracked 
|   5|0x0000000083700000, 0x0000000083800000, 0x0000000083800000|100%| O|  |TAMS 0x0000000083800000, 0x0000000083800000| Untracked 
|   6|0x0000000083800000, 0x00000000838cae00, 0x0000000083900000| 79%| O|  |TAMS 0x00000000838cae00, 0x00000000838cae00| Untracked 
|   7|0x0000000083900000, 0x0000000083a00000, 0x0000000083a00000|100%| O|  |TAMS 0x0000000083a00000, 0x0000000083a00000| Untracked 
|   8|0x0000000083a00000, 0x0000000083b00000, 0x0000000083b00000|100%| O|  |TAMS 0x0000000083b00000, 0x0000000083b00000| Untracked 
|   9|0x0000000083b00000, 0x0000000083c00000, 0x0000000083c00000|100%| O|  |TAMS 0x0000000083c00000, 0x0000000083c00000| Untracked 
|  10|0x0000000083c00000, 0x0000000083d00000, 0x0000000083d00000|100%| O|  |TAMS 0x0000000083d00000, 0x0000000083d00000| Untracked 
|  11|0x0000000083d00000, 0x0000000083e00000, 0x0000000083e00000|100%| O|  |TAMS 0x0000000083e00000, 0x0000000083e00000| Untracked 
|  12|0x0000000083e00000, 0x0000000083f00000, 0x0000000083f00000|100%| O|  |TAMS 0x0000000083f00000, 0x0000000083f00000| Untracked 
|  13|0x0000000083f00000, 0x0000000083f00000, 0x0000000084000000|  0%| F|  |TAMS 0x0000000083f00000, 0x0000000083f00000| Untracked 
|  14|0x0000000084000000, 0x0000000084100000, 0x0000000084100000|100%| O|  |TAMS 0x0000000084100000, 0x0000000084100000| Untracked 
|  15|0x0000000084100000, 0x0000000084200000, 0x0000000084200000|100%| O|  |TAMS 0x0000000084200000, 0x0000000084200000| Untracked 
|  16|0x0000000084200000, 0x0000000084300000, 0x0000000084300000|100%| O|  |TAMS 0x0000000084300000, 0x0000000084300000| Untracked 
|  17|0x0000000084300000, 0x0000000084400000, 0x0000000084400000|100%| O|  |TAMS 0x0000000084400000, 0x0000000084400000| Untracked 
|  18|0x0000000084400000, 0x0000000084500000, 0x0000000084500000|100%| O|  |TAMS 0x0000000084500000, 0x0000000084500000| Untracked 
|  19|0x0000000084500000, 0x0000000084600000, 0x0000000084600000|100%| O|  |TAMS 0x0000000084600000, 0x0000000084600000| Untracked 
|  20|0x0000000084600000, 0x0000000084700000, 0x0000000084700000|100%| O|  |TAMS 0x0000000084700000, 0x0000000084700000| Untracked 
|  21|0x0000000084700000, 0x0000000084800000, 0x0000000084800000|100%| O|  |TAMS 0x0000000084800000, 0x0000000084800000| Untracked 
|  22|0x0000000084800000, 0x0000000084900000, 0x0000000084900000|100%| O|  |TAMS 0x0000000084900000, 0x0000000084900000| Untracked 
|  23|0x0000000084900000, 0x0000000084a00000, 0x0000000084a00000|100%| O|  |TAMS 0x0000000084a00000, 0x0000000084a00000| Untracked 
|  24|0x0000000084a00000, 0x0000000084b00000, 0x0000000084b00000|100%| O|  |TAMS 0x0000000084b00000, 0x0000000084b00000| Untracked 
|  25|0x0000000084b00000, 0x0000000084c00000, 0x0000000084c00000|100%| O|  |TAMS 0x0000000084ba6400, 0x0000000084c00000| Untracked 
|  26|0x0000000084c00000, 0x0000000084d00000, 0x0000000084d00000|100%| O|  |TAMS 0x0000000084c00000, 0x0000000084d00000| Untracked 
|  27|0x0000000084d00000, 0x0000000084e00000, 0x0000000084e00000|100%| O|  |TAMS 0x0000000084d00000, 0x0000000084e00000| Untracked 
|  28|0x0000000084e00000, 0x0000000084f00000, 0x0000000084f00000|100%| O|  |TAMS 0x0000000084e00000, 0x0000000084f00000| Untracked 
|  29|0x0000000084f00000, 0x0000000085000000, 0x0000000085000000|100%|HS|  |TAMS 0x0000000084f00000, 0x0000000085000000| Complete 
|  30|0x0000000085000000, 0x0000000085100000, 0x0000000085100000|100%|HC|  |TAMS 0x0000000085000000, 0x0000000085100000| Complete 
|  31|0x0000000085100000, 0x0000000085200000, 0x0000000085200000|100%|HC|  |TAMS 0x0000000085100000, 0x0000000085200000| Complete 
|  32|0x0000000085200000, 0x0000000085300000, 0x0000000085300000|100%|HC|  |TAMS 0x0000000085200000, 0x0000000085300000| Complete 
|  33|0x0000000085300000, 0x0000000085400000, 0x0000000085400000|100%|HC|  |TAMS 0x0000000085300000, 0x0000000085400000| Complete 
|  34|0x0000000085400000, 0x0000000085500000, 0x0000000085500000|100%|HS|  |TAMS 0x0000000085400000, 0x0000000085500000| Complete 
|  35|0x0000000085500000, 0x0000000085600000, 0x0000000085600000|100%|HC|  |TAMS 0x0000000085500000, 0x0000000085600000| Complete 
|  36|0x0000000085600000, 0x0000000085700000, 0x0000000085700000|100%|HC|  |TAMS 0x0000000085600000, 0x0000000085700000| Complete 
|  37|0x0000000085700000, 0x0000000085800000, 0x0000000085800000|100%|HC|  |TAMS 0x0000000085700000, 0x0000000085800000| Complete 
|  38|0x0000000085800000, 0x0000000085900000, 0x0000000085900000|100%|HC|  |TAMS 0x0000000085800000, 0x0000000085900000| Complete 
|  39|0x0000000085900000, 0x0000000085a00000, 0x0000000085a00000|100%|HS|  |TAMS 0x0000000085900000, 0x0000000085a00000| Complete 
|  40|0x0000000085a00000, 0x0000000085b00000, 0x0000000085b00000|100%|HC|  |TAMS 0x0000000085a00000, 0x0000000085b00000| Complete 
|  41|0x0000000085b00000, 0x0000000085c00000, 0x0000000085c00000|100%|HC|  |TAMS 0x0000000085b00000, 0x0000000085c00000| Complete 
|  42|0x0000000085c00000, 0x0000000085d00000, 0x0000000085d00000|100%|HC|  |TAMS 0x0000000085c00000, 0x0000000085d00000| Complete 
|  43|0x0000000085d00000, 0x0000000085e00000, 0x0000000085e00000|100%|HC|  |TAMS 0x0000000085d00000, 0x0000000085e00000| Complete 
|  44|0x0000000085e00000, 0x0000000085f00000, 0x0000000085f00000|100%| O|  |TAMS 0x0000000085e00000, 0x0000000085f00000| Untracked 
|  45|0x0000000085f00000, 0x0000000086000000, 0x0000000086000000|100%| O|  |TAMS 0x0000000085f00000, 0x0000000086000000| Untracked 
|  46|0x0000000086000000, 0x0000000086058600, 0x0000000086100000| 34%| O|  |TAMS 0x0000000086000000, 0x0000000086058600| Untracked 
|  47|0x0000000086100000, 0x0000000086100000, 0x0000000086200000|  0%| F|  |TAMS 0x0000000086100000, 0x0000000086100000| Untracked 
|  48|0x0000000086200000, 0x0000000086200000, 0x0000000086300000|  0%| F|  |TAMS 0x0000000086200000, 0x0000000086200000| Untracked 
|  49|0x0000000086300000, 0x0000000086300000, 0x0000000086400000|  0%| F|  |TAMS 0x0000000086300000, 0x0000000086300000| Untracked 
|  50|0x0000000086400000, 0x0000000086500000, 0x0000000086500000|100%|HS|  |TAMS 0x0000000086400000, 0x0000000086500000| Complete 
|  51|0x0000000086500000, 0x0000000086600000, 0x0000000086600000|100%|HC|  |TAMS 0x0000000086500000, 0x0000000086600000| Complete 
|  52|0x0000000086600000, 0x0000000086700000, 0x0000000086700000|100%|HC|  |TAMS 0x0000000086600000, 0x0000000086700000| Complete 
|  53|0x0000000086700000, 0x0000000086800000, 0x0000000086800000|100%|HC|  |TAMS 0x0000000086700000, 0x0000000086800000| Complete 
|  54|0x0000000086800000, 0x0000000086900000, 0x0000000086900000|100%|HC|  |TAMS 0x0000000086800000, 0x0000000086900000| Complete 
|  55|0x0000000086900000, 0x0000000086a00000, 0x0000000086a00000|100%| O|  |TAMS 0x0000000086900000, 0x0000000086a00000| Untracked 
|  56|0x0000000086a00000, 0x0000000086b00000, 0x0000000086b00000|100%| O|  |TAMS 0x0000000086a00000, 0x0000000086b00000| Untracked 
|  57|0x0000000086b00000, 0x0000000086c00000, 0x0000000086c00000|100%| O|  |TAMS 0x0000000086b00000, 0x0000000086c00000| Untracked 
|  58|0x0000000086c00000, 0x0000000086c00000, 0x0000000086d00000|  0%| F|  |TAMS 0x0000000086c00000, 0x0000000086c00000| Untracked 
|  59|0x0000000086d00000, 0x0000000086d00000, 0x0000000086e00000|  0%| F|  |TAMS 0x0000000086d00000, 0x0000000086d00000| Untracked 
|  60|0x0000000086e00000, 0x0000000086e00000, 0x0000000086f00000|  0%| F|  |TAMS 0x0000000086e00000, 0x0000000086e00000| Untracked 
|  61|0x0000000086f00000, 0x0000000086f00000, 0x0000000087000000|  0%| F|  |TAMS 0x0000000086f00000, 0x0000000086f00000| Untracked 
|  62|0x0000000087000000, 0x0000000087000000, 0x0000000087100000|  0%| F|  |TAMS 0x0000000087000000, 0x0000000087000000| Untracked 
|  63|0x0000000087100000, 0x0000000087100000, 0x0000000087200000|  0%| F|  |TAMS 0x0000000087100000, 0x0000000087100000| Untracked 
| 109|0x0000000089f00000, 0x0000000089ff7660, 0x000000008a000000| 96%| S|CS|TAMS 0x0000000089f00000, 0x0000000089f00000| Complete 
| 110|0x000000008a000000, 0x000000008a000000, 0x000000008a100000|  0%| F|  |TAMS 0x000000008a000000, 0x000000008a000000| Untracked 
| 111|0x000000008a100000, 0x000000008a100000, 0x000000008a200000|  0%| F|  |TAMS 0x000000008a100000, 0x000000008a100000| Untracked 
| 112|0x000000008a200000, 0x000000008a200000, 0x000000008a300000|  0%| F|  |TAMS 0x000000008a200000, 0x000000008a200000| Untracked 
| 113|0x000000008a300000, 0x000000008a300000, 0x000000008a400000|  0%| F|  |TAMS 0x000000008a300000, 0x000000008a300000| Untracked 
| 114|0x000000008a400000, 0x000000008a400000, 0x000000008a500000|  0%| F|  |TAMS 0x000000008a400000, 0x000000008a400000| Untracked 
| 124|0x000000008ae00000, 0x000000008ae00000, 0x000000008af00000|  0%| F|  |TAMS 0x000000008ae00000, 0x000000008ae00000| Untracked 
| 125|0x000000008af00000, 0x000000008af00000, 0x000000008b000000|  0%| F|  |TAMS 0x000000008af00000, 0x000000008af00000| Untracked 

Card table byte_map: [0x000001edfe5a0000,0x000001edfe990000] _byte_map_base: 0x000001edfe187000

Marking Bits (Prev, Next): (CMBitMap*) 0x000001edf161f210, (CMBitMap*) 0x000001edf161f1d0
 Prev Bits: [0x000001ed81f40000, 0x000001ed83e78000)
 Next Bits: [0x000001ed80000000, 0x000001ed81f38000)

Polling page: 0x000001edf1670000

Metaspace:

Usage:
  Non-class:     52.89 MB used.
      Class:      8.50 MB used.
       Both:     61.39 MB used.

Virtual space:
  Non-class space:       64.00 MB reserved,      53.19 MB ( 83%) committed,  1 nodes.
      Class space:        1.00 GB reserved,       8.75 MB ( <1%) committed,  1 nodes.
             Both:        1.06 GB reserved,      61.94 MB (  6%) committed. 

Chunk freelists:
   Non-Class:  10.75 MB
       Class:  7.28 MB
        Both:  18.03 MB

MaxMetaspaceSize: unlimited
CompressedClassSpaceSize: 1.00 GB
Initial GC threshold: 21.00 MB
Current GC threshold: 99.06 MB
CDS: on
MetaspaceReclaimPolicy: balanced
 - commit_granule_bytes: 65536.
 - commit_granule_words: 8192.
 - virtual_space_node_default_size: 8388608.
 - enlarge_chunks_in_place: 1.
 - new_chunks_are_fully_committed: 0.
 - uncommit_free_chunks: 1.
 - use_allocation_guard: 0.
 - handle_deallocations: 1.


Internal statistics:

num_allocs_failed_limit: 9.
num_arena_births: 822.
num_arena_deaths: 8.
num_vsnodes_births: 2.
num_vsnodes_deaths: 0.
num_space_committed: 991.
num_space_uncommitted: 0.
num_chunks_returned_to_freelist: 21.
num_chunks_taken_from_freelist: 3053.
num_chunk_merges: 8.
num_chunk_splits: 2164.
num_chunks_enlarged: 1674.
num_inconsistent_stats: 0.

CodeCache: size=49152Kb used=13392Kb max_used=13392Kb free=35759Kb
 bounds [0x000001edfa8d0000, 0x000001edfb5f0000, 0x000001edfd8d0000]
 total_blobs=7230 nmethods=6519 adapters=635
 compilation: enabled
              stopped_count=0, restarted_count=0
 full_count=0

Compilation events (20 events):
Event: 10.610 Thread 0x000001edcb624810 6511       1       com.sun.crypto.provider.GHASH::ghashRangeCheck (215 bytes)
Event: 10.611 Thread 0x000001edff852ae0 6512  s    1       io.netty.util.concurrent.DefaultPromise::checkNotifyWaiters (31 bytes)
Event: 10.611 Thread 0x000001edff852ae0 nmethod 6512 0x000001edfb5df290 code [0x000001edfb5df420, 0x000001edfb5df608]
Event: 10.612 Thread 0x000001edff852ae0 6513       1       java.util.concurrent.atomic.AtomicLongFieldUpdater$CASUpdater::lazySet (18 bytes)
Event: 10.612 Thread 0x000001edff852ae0 nmethod 6513 0x000001edfb5df690 code [0x000001edfb5df820, 0x000001edfb5df988]
Event: 10.613 Thread 0x000001edff852ae0 6514       1       io.netty.util.concurrent.DefaultPromise::executor (5 bytes)
Event: 10.613 Thread 0x000001edff852ae0 nmethod 6514 0x000001edfb5dfa90 code [0x000001edfb5dfc20, 0x000001edfb5dfcf8]
Event: 10.613 Thread 0x000001edcb624810 nmethod 6511 0x000001edfb5dfd90 code [0x000001edfb5e0160, 0x000001edfb5e1478]
Event: 10.619 Thread 0x000001edcb624810 6515       1       reactor.core.publisher.FluxPeek::onNextCall (5 bytes)
Event: 10.619 Thread 0x000001edcb624810 nmethod 6515 0x000001edfb5e1c90 code [0x000001edfb5e1e20, 0x000001edfb5e1ef8]
Event: 10.620 Thread 0x000001edcb624810 6516       1       io.netty.channel.AbstractChannel::access$500 (5 bytes)
Event: 10.620 Thread 0x000001edcb624810 nmethod 6516 0x000001edfb5e1f90 code [0x000001edfb5e2120, 0x000001edfb5e21d8]
Event: 10.620 Thread 0x000001edcb0ac8e0 6517       1       io.netty.util.concurrent.DefaultPromise::setSuccess0 (16 bytes)
Event: 10.620 Thread 0x000001edcb611ac0 6518       1       io.netty.util.concurrent.DefaultPromise::setValue0 (41 bytes)
Event: 10.620 Thread 0x000001edcb624810 6519       1       io.netty.channel.DefaultChannelPromise::<init> (19 bytes)
Event: 10.621 Thread 0x000001edcb0ac8e0 nmethod 6517 0x000001edfb5e2290 code [0x000001edfb5e2420, 0x000001edfb5e2528]
Event: 10.621 Thread 0x000001edcb624810 nmethod 6519 0x000001edfb5e2590 code [0x000001edfb5e2760, 0x000001edfb5e2af8]
Event: 10.621 Thread 0x000001edcb611ac0 nmethod 6518 0x000001edfb5e3590 code [0x000001edfb5e37a0, 0x000001edfb5e3e18]
Event: 10.621 Thread 0x000001edcb611ac0 6520       1       io.netty.util.internal.PlatformDependent::javaVersion (4 bytes)
Event: 10.621 Thread 0x000001edcb611ac0 nmethod 6520 0x000001edfb5e4010 code [0x000001edfb5e41a0, 0x000001edfb5e4258]

GC Heap History (20 events):
Event: 4.585 GC heap after
{Heap after GC invocations=13 (full 0):
 garbage-first heap   total 61440K, used 22270K [0x0000000083200000, 0x0000000100000000)
  region size 1024K, 4 young (4096K), 4 survivors (4096K)
 Metaspace       used 39854K, committed 40384K, reserved 1114112K
  class space    used 5362K, committed 5632K, reserved 1048576K
}
Event: 4.973 GC heap before
{Heap before GC invocations=13 (full 0):
 garbage-first heap   total 61440K, used 47870K [0x0000000083200000, 0x0000000100000000)
  region size 1024K, 29 young (29696K), 4 survivors (4096K)
 Metaspace       used 42780K, committed 43264K, reserved 1114112K
  class space    used 5816K, committed 6080K, reserved 1048576K
}
Event: 4.978 GC heap after
{Heap after GC invocations=14 (full 0):
 garbage-first heap   total 61440K, used 24019K [0x0000000083200000, 0x0000000100000000)
  region size 1024K, 4 young (4096K), 4 survivors (4096K)
 Metaspace       used 42780K, committed 43264K, reserved 1114112K
  class space    used 5816K, committed 6080K, reserved 1048576K
}
Event: 5.211 GC heap before
{Heap before GC invocations=14 (full 0):
 garbage-first heap   total 61440K, used 47571K [0x0000000083200000, 0x0000000100000000)
  region size 1024K, 27 young (27648K), 4 survivors (4096K)
 Metaspace       used 44369K, committed 44928K, reserved 1114112K
  class space    used 6097K, committed 6336K, reserved 1048576K
}
Event: 5.216 GC heap after
{Heap after GC invocations=15 (full 0):
 garbage-first heap   total 61440K, used 25099K [0x0000000083200000, 0x0000000100000000)
  region size 1024K, 3 young (3072K), 3 survivors (3072K)
 Metaspace       used 44369K, committed 44928K, reserved 1114112K
  class space    used 6097K, committed 6336K, reserved 1048576K
}
Event: 5.530 GC heap before
{Heap before GC invocations=15 (full 0):
 garbage-first heap   total 61440K, used 49675K [0x0000000083200000, 0x0000000100000000)
  region size 1024K, 27 young (27648K), 3 survivors (3072K)
 Metaspace       used 45050K, committed 45504K, reserved 1114112K
  class space    used 6188K, committed 6400K, reserved 1048576K
}
Event: 5.535 GC heap after
{Heap after GC invocations=16 (full 0):
 garbage-first heap   total 61440K, used 26409K [0x0000000083200000, 0x0000000100000000)
  region size 1024K, 3 young (3072K), 3 survivors (3072K)
 Metaspace       used 45050K, committed 45504K, reserved 1114112K
  class space    used 6188K, committed 6400K, reserved 1048576K
}
Event: 5.751 GC heap before
{Heap before GC invocations=16 (full 0):
 garbage-first heap   total 61440K, used 48937K [0x0000000083200000, 0x0000000100000000)
  region size 1024K, 25 young (25600K), 3 survivors (3072K)
 Metaspace       used 45891K, committed 46336K, reserved 1114112K
  class space    used 6312K, committed 6528K, reserved 1048576K
}
Event: 5.755 GC heap after
{Heap after GC invocations=17 (full 0):
 garbage-first heap   total 73728K, used 27625K [0x0000000083200000, 0x0000000100000000)
  region size 1024K, 3 young (3072K), 3 survivors (3072K)
 Metaspace       used 45891K, committed 46336K, reserved 1114112K
  class space    used 6312K, committed 6528K, reserved 1048576K
}
Event: 6.079 GC heap before
{Heap before GC invocations=17 (full 0):
 garbage-first heap   total 73728K, used 58345K [0x0000000083200000, 0x0000000100000000)
  region size 1024K, 33 young (33792K), 3 survivors (3072K)
 Metaspace       used 46991K, committed 47488K, reserved 1114112K
  class space    used 6483K, committed 6720K, reserved 1048576K
}
Event: 6.083 GC heap after
{Heap after GC invocations=18 (full 0):
 garbage-first heap   total 73728K, used 28639K [0x0000000083200000, 0x0000000100000000)
  region size 1024K, 4 young (4096K), 4 survivors (4096K)
 Metaspace       used 46991K, committed 47488K, reserved 1114112K
  class space    used 6483K, committed 6720K, reserved 1048576K
}
Event: 9.648 GC heap before
{Heap before GC invocations=18 (full 0):
 garbage-first heap   total 73728K, used 58335K [0x0000000083200000, 0x0000000100000000)
  region size 1024K, 34 young (34816K), 4 survivors (4096K)
 Metaspace       used 52953K, committed 53440K, reserved 1114112K
  class space    used 7325K, committed 7552K, reserved 1048576K
}
Event: 9.657 GC heap after
{Heap after GC invocations=19 (full 0):
 garbage-first heap   total 73728K, used 30637K [0x0000000083200000, 0x0000000100000000)
  region size 1024K, 5 young (5120K), 5 survivors (5120K)
 Metaspace       used 52953K, committed 53440K, reserved 1114112K
  class space    used 7325K, committed 7552K, reserved 1048576K
}
Event: 10.134 GC heap before
{Heap before GC invocations=19 (full 0):
 garbage-first heap   total 73728K, used 52141K [0x0000000083200000, 0x0000000100000000)
  region size 1024K, 27 young (27648K), 5 survivors (5120K)
 Metaspace       used 60005K, committed 60608K, reserved 1114112K
  class space    used 8211K, committed 8512K, reserved 1048576K
}
Event: 10.141 GC heap after
{Heap after GC invocations=20 (full 0):
 garbage-first heap   total 73728K, used 33335K [0x0000000083200000, 0x0000000100000000)
  region size 1024K, 5 young (5120K), 5 survivors (5120K)
 Metaspace       used 60005K, committed 60608K, reserved 1114112K
  class space    used 8211K, committed 8512K, reserved 1048576K
}
Event: 10.494 GC heap before
{Heap before GC invocations=21 (full 0):
 garbage-first heap   total 73728K, used 63031K [0x0000000083200000, 0x0000000100000000)
  region size 1024K, 16 young (16384K), 5 survivors (5120K)
 Metaspace       used 62182K, committed 62720K, reserved 1114112K
  class space    used 8603K, committed 8832K, reserved 1048576K
}
Event: 10.500 GC heap after
{Heap after GC invocations=22 (full 0):
 garbage-first heap   total 73728K, used 55192K [0x0000000083200000, 0x0000000100000000)
  region size 1024K, 2 young (2048K), 2 survivors (2048K)
 Metaspace       used 62182K, committed 62720K, reserved 1114112K
  class space    used 8603K, committed 8832K, reserved 1048576K
}
Event: 10.511 GC heap before
{Heap before GC invocations=22 (full 0):
 garbage-first heap   total 73728K, used 56216K [0x0000000083200000, 0x0000000100000000)
  region size 1024K, 3 young (3072K), 2 survivors (2048K)
 Metaspace       used 62262K, committed 62848K, reserved 1114112K
  class space    used 8620K, committed 8896K, reserved 1048576K
}
Event: 10.514 GC heap after
{Heap after GC invocations=23 (full 0):
 garbage-first heap   total 73728K, used 55062K [0x0000000083200000, 0x0000000100000000)
  region size 1024K, 1 young (1024K), 1 survivors (1024K)
 Metaspace       used 62262K, committed 62848K, reserved 1114112K
  class space    used 8620K, committed 8896K, reserved 1048576K
}
Event: 10.622 GC heap before
{Heap before GC invocations=23 (full 0):
 garbage-first heap   total 73728K, used 60182K [0x0000000083200000, 0x0000000100000000)
  region size 1024K, 7 young (7168K), 1 survivors (1024K)
 Metaspace       used 62863K, committed 63424K, reserved 1114112K
  class space    used 8700K, committed 8960K, reserved 1048576K
}

Dll operation events (14 events):
Event: 0.015 Loaded shared library D:\eclipse down\bin\java.dll
Event: 0.042 Loaded shared library D:\eclipse down\bin\jsvml.dll
Event: 0.266 Loaded shared library D:\eclipse down\bin\zip.dll
Event: 0.279 Loaded shared library D:\eclipse down\bin\instrument.dll
Event: 0.288 Loaded shared library D:\eclipse down\bin\net.dll
Event: 0.292 Loaded shared library D:\eclipse down\bin\nio.dll
Event: 0.295 Loaded shared library D:\eclipse down\bin\zip.dll
Event: 0.405 Loaded shared library D:\intellij\IntelliJ IDEA 2023.3.6\bin\breakgen64.dll
Event: 0.413 Loaded shared library D:\eclipse down\bin\jimage.dll
Event: 0.422 Loaded shared library D:\eclipse down\bin\extnet.dll
Event: 0.439 Loaded shared library D:\eclipse down\bin\management.dll
Event: 0.450 Loaded shared library D:\eclipse down\bin\management_ext.dll
Event: 2.589 Loaded shared library D:\eclipse down\bin\sunmscapi.dll
Event: 3.734 Loading shared library D:\spring_project_file\tomcat_32\apache-tomcat-10.1.20\bin\tcnative-2.dll failed, error code 193

Deoptimization events (18 events):
Event: 3.994 Thread 0x000001edff850f40 DEOPT PACKING pc=0x000001edfb1c8d25 sp=0x00000023465fa840
Event: 3.994 Thread 0x000001edff850f40 DEOPT UNPACKING pc=0x000001edfa927143 sp=0x00000023465f9de8 mode 0
Event: 3.994 Thread 0x000001edff850f40 DEOPT PACKING pc=0x000001edfb21862c sp=0x00000023465fa9d0
Event: 3.994 Thread 0x000001edff850f40 DEOPT UNPACKING pc=0x000001edfa927143 sp=0x00000023465f9ef0 mode 0
Event: 3.994 Thread 0x000001edff850f40 DEOPT PACKING pc=0x000001edfb232844 sp=0x00000023465fad80
Event: 3.994 Thread 0x000001edff850f40 DEOPT UNPACKING pc=0x000001edfa927143 sp=0x00000023465fa258 mode 0
Event: 4.001 Thread 0x000001edff850f40 DEOPT PACKING pc=0x000001edfb21f774 sp=0x00000023465fb100
Event: 4.001 Thread 0x000001edff850f40 DEOPT UNPACKING pc=0x000001edfa927143 sp=0x00000023465fa638 mode 0
Event: 4.703 Thread 0x000001edff850f40 DEOPT PACKING pc=0x000001edfb20ffd2 sp=0x00000023465fa4f0
Event: 4.703 Thread 0x000001edff850f40 DEOPT UNPACKING pc=0x000001edfa927143 sp=0x00000023465f9b10 mode 0
Event: 4.703 Thread 0x000001edff850f40 DEOPT PACKING pc=0x000001edfb20e4d4 sp=0x00000023465fa720
Event: 4.703 Thread 0x000001edff850f40 DEOPT UNPACKING pc=0x000001edfa927143 sp=0x00000023465f9d40 mode 0
Event: 4.703 Thread 0x000001edff850f40 DEOPT PACKING pc=0x000001edfb27cc64 sp=0x00000023465faad0
Event: 4.703 Thread 0x000001edff850f40 DEOPT UNPACKING pc=0x000001edfa927143 sp=0x00000023465fa058 mode 0
Event: 5.063 Thread 0x000001edff850f40 DEOPT PACKING pc=0x000001edfb2fbaa4 sp=0x00000023465fbbe0
Event: 5.063 Thread 0x000001edff850f40 DEOPT UNPACKING pc=0x000001edfa927143 sp=0x00000023465fb138 mode 0
Event: 5.161 Thread 0x000001edff850f40 DEOPT PACKING pc=0x000001edfaee2da2 sp=0x00000023465f8a00
Event: 5.161 Thread 0x000001edff850f40 DEOPT UNPACKING pc=0x000001edfa927143 sp=0x00000023465f7f08 mode 3

Classes unloaded (4 events):
Event: 10.179 Thread 0x000001edff81f190 Unloading class 0x000001ed87632800 'jdk/internal/reflect/GeneratedSerializationConstructorAccessor22'
Event: 10.179 Thread 0x000001edff81f190 Unloading class 0x000001ed87632400 'jdk/internal/reflect/GeneratedSerializationConstructorAccessor21'
Event: 10.179 Thread 0x000001edff81f190 Unloading class 0x000001ed87632000 'jdk/internal/reflect/GeneratedSerializationConstructorAccessor20'
Event: 10.179 Thread 0x000001edff81f190 Unloading class 0x000001ed8762cc00 'jdk/internal/reflect/GeneratedSerializationConstructorAccessor19'

Classes redefined (0 events):
No events

Internal exceptions (20 events):
Event: 9.660 Thread 0x000001edcd5269a0 Exception <a 'java/io/FileNotFoundException'{0x000000008af16638}> (0x000000008af16638) 
thrown [s\src\hotspot\share\prims\jni.cpp, line 516]
Event: 9.672 Thread 0x000001edcd5269a0 Exception <a 'sun/nio/fs/WindowsException'{0x000000008afcc380}> (0x000000008afcc380) 
thrown [s\src\hotspot\share\prims\jni.cpp, line 516]
Event: 9.700 Thread 0x000001edcd5269a0 Exception <a 'java/lang/NoSuchMethodError'{0x000000008aebde68}: 'java.lang.Object java.lang.invoke.DirectMethodHandle$Holder.newInvokeSpecial(java.lang.Object, java.lang.Object, int, java.lang.Object)'> (0x000000008aebde68) 
thrown [s\src\hotspot\share\interpreter\linkResolver.cpp, line 759]
Event: 9.700 Thread 0x000001edcd5269a0 Exception <a 'java/lang/NoSuchMethodError'{0x000000008aec1a30}: 'java.lang.Object java.lang.invoke.Invokers$Holder.linkToTargetMethod(java.lang.Object, int, java.lang.Object, java.lang.Object)'> (0x000000008aec1a30) 
thrown [s\src\hotspot\share\interpreter\linkResolver.cpp, line 759]
Event: 9.818 Thread 0x000001edcd52ab70 Exception <a 'java/lang/NoSuchMethodError'{0x000000008a0e1b10}: 'java.lang.Object java.lang.invoke.DirectMethodHandle$Holder.invokeStatic(java.lang.Object, java.lang.Object, java.lang.Object, int, java.lang.Object, java.lang.Object)'> (0x000000008a0e1b10) 
thrown [s\src\hotspot\share\interpreter\linkResolver.cpp, line 759]
Event: 9.819 Thread 0x000001edcd526eb0 Exception <a 'java/lang/NoSuchMethodError'{0x000000008a0f37a8}: 'java.lang.Object java.lang.invoke.Invokers$Holder.linkToTargetMethod(java.lang.Object, int, java.lang.Object, java.lang.Object, java.lang.Object, java.lang.Object)'> (0x000000008a0f37a8) 
thrown [s\src\hotspot\share\interpreter\linkResolver.cpp, line 759]
Event: 9.822 Thread 0x000001edcd52ab70 Exception <a 'java/lang/NoSuchMethodError'{0x0000000089f12940}: 'java.lang.Object java.lang.invoke.DirectMethodHandle$Holder.newInvokeSpecial(java.lang.Object, java.lang.Object, java.lang.Object, java.lang.Object, int, java.lang.Object)'> (0x0000000089f12940) 
thrown [s\src\hotspot\share\interpreter\linkResolver.cpp, line 759]
Event: 9.822 Thread 0x000001edcd52ab70 Exception <a 'java/lang/NoSuchMethodError'{0x0000000089f16a08}: 'java.lang.Object java.lang.invoke.DirectMethodHandle$Holder.invokeSpecial(java.lang.Object, java.lang.Object, java.lang.Object, java.lang.Object, java.lang.Object, int, java.lang.Object)'> (0x0000000089f16a08) 
thrown [s\src\hotspot\share\interpreter\linkResolver.cpp, line 759]
Event: 9.823 Thread 0x000001edcd52ab70 Exception <a 'java/lang/NoSuchMethodError'{0x0000000089f1a338}: 'java.lang.Object java.lang.invoke.Invokers$Holder.linkToTargetMethod(java.lang.Object, java.lang.Object, java.lang.Object, int, java.lang.Object, java.lang.Object)'> (0x0000000089f1a338) 
thrown [s\src\hotspot\share\interpreter\linkResolver.cpp, line 759]
Event: 9.828 Thread 0x000001edcd52ab70 Exception <a 'java/lang/NoSuchMethodError'{0x0000000089f68548}: 'void java.lang.invoke.DirectMethodHandle$Holder.invokeStatic(java.lang.Object, int)'> (0x0000000089f68548) 
thrown [s\src\hotspot\share\interpreter\linkResolver.cpp, line 759]
Event: 9.828 Thread 0x000001edcd52ab70 Exception <a 'java/lang/NoSuchMethodError'{0x0000000089f6bc50}: 'void java.lang.invoke.DirectMethodHandle$Holder.invokeStaticInit(java.lang.Object, int)'> (0x0000000089f6bc50) 
thrown [s\src\hotspot\share\interpreter\linkResolver.cpp, line 759]
Event: 9.829 Thread 0x000001edcd52ab70 Exception <a 'java/lang/NoSuchMethodError'{0x0000000089f80da8}: 'void java.lang.invoke.DirectMethodHandle$Holder.invokeSpecial(java.lang.Object, java.lang.Object, int)'> (0x0000000089f80da8) 
thrown [s\src\hotspot\share\interpreter\linkResolver.cpp, line 759]
Event: 9.856 Thread 0x000001edcd52ab70 Exception <a 'java/lang/NoSuchMethodError'{0x0000000087023ad0}: 'java.lang.Object java.lang.invoke.DirectMethodHandle$Holder.newInvokeSpecial(java.lang.Object, java.lang.Object, java.lang.Object, java.lang.Object, int, java.lang.Object, java.lang.Object, int, java.lang.Object)'> (0x0000000087023ad0) 
thrown [s\src\hotspot\share\interpreter\linkResolver.cpp, line 759]
Event: 9.905 Thread 0x000001edcd52ab70 Exception <a 'java/lang/NoSuchMethodError'{0x0000000086d07c10}: 'void java.lang.invoke.DirectMethodHandle$Holder.invokeStaticInit(java.lang.Object)'> (0x0000000086d07c10) 
thrown [s\src\hotspot\share\interpreter\linkResolver.cpp, line 759]
Event: 9.939 Thread 0x000001edcd52ab70 Exception <a 'sun/nio/fs/WindowsException'{0x0000000086cc10d0}> (0x0000000086cc10d0) 
thrown [s\src\hotspot\share\prims\jni.cpp, line 516]
Event: 10.268 Thread 0x000001edcd52ab70 Exception <a 'java/lang/NoSuchMethodError'{0x000000008a4247e8}: 'java.lang.Object java.lang.invoke.DirectMethodHandle$Holder.invokeStatic(java.lang.Object, java.lang.Object, int, java.lang.Object, java.lang.Object, java.lang.Object)'> (0x000000008a4247e8) 
thrown [s\src\hotspot\share\interpreter\linkResolver.cpp, line 759]
Event: 10.283 Thread 0x000001edcd52ab70 Exception <a 'java/lang/NoSuchMethodError'{0x000000008a490b08}: 'java.lang.Object java.lang.invoke.DirectMethodHandle$Holder.invokeStatic(java.lang.Object, int, java.lang.Object)'> (0x000000008a490b08) 
thrown [s\src\hotspot\share\interpreter\linkResolver.cpp, line 759]
Event: 10.355 Thread 0x000001edcd52ab70 Exception <a 'java/lang/IncompatibleClassChangeError'{0x000000008a173a70}: Found class java.lang.Object, but interface was expected> (0x000000008a173a70) 
thrown [s\src\hotspot\share\interpreter\linkResolver.cpp, line 826]
Event: 10.355 Thread 0x000001edcd52ab70 Exception <a 'java/lang/NoSuchMethodError'{0x000000008a17ab80}: 'java.lang.Object java.lang.invoke.DirectMethodHandle$Holder.newInvokeSpecial(java.lang.Object, int, java.lang.Object, java.lang.Object)'> (0x000000008a17ab80) 
thrown [s\src\hotspot\share\interpreter\linkResolver.cpp, line 759]
Event: 10.375 Thread 0x000001edcd52ab70 Exception <a 'java/lang/NoSuchMethodError'{0x000000008a1e6f48}: 'java.lang.Object java.lang.invoke.DirectMethodHandle$Holder.invokeVirtual(java.lang.Object, java.lang.Object, java.lang.Object, java.lang.Object, java.lang.Object)'> (0x000000008a1e6f48) 
thrown [s\src\hotspot\share\interpreter\linkResolver.cpp, line 759]

VM Operations (20 events):
Event: 9.777 Executing VM operation: HandshakeAllThreads done
Event: 9.940 Executing VM operation: HandshakeAllThreads
Event: 9.941 Executing VM operation: HandshakeAllThreads done
Event: 9.943 Executing VM operation: HandshakeAllThreads
Event: 9.943 Executing VM operation: HandshakeAllThreads done
Event: 10.134 Executing VM operation: CollectForMetadataAllocation
Event: 10.141 Executing VM operation: CollectForMetadataAllocation done
Event: 10.178 Executing VM operation: G1PauseRemark
Event: 10.196 Executing VM operation: G1PauseRemark done
Event: 10.212 Executing VM operation: G1PauseCleanup
Event: 10.213 Executing VM operation: G1PauseCleanup done
Event: 10.225 Executing VM operation: HandshakeAllThreads
Event: 10.225 Executing VM operation: HandshakeAllThreads done
Event: 10.432 Executing VM operation: HandshakeAllThreads
Event: 10.432 Executing VM operation: HandshakeAllThreads done
Event: 10.494 Executing VM operation: G1CollectForAllocation
Event: 10.500 Executing VM operation: G1CollectForAllocation done
Event: 10.511 Executing VM operation: G1CollectForAllocation
Event: 10.514 Executing VM operation: G1CollectForAllocation done
Event: 10.622 Executing VM operation: G1CollectForAllocation

Events (20 events):
Event: 10.231 loading class sun/security/ssl/NewSessionTicket$T13NewSessionTicketMessage
Event: 10.231 loading class sun/security/ssl/NewSessionTicket$NewSessionTicketMessage
Event: 10.231 loading class sun/security/ssl/NewSessionTicket$NewSessionTicketMessage done
Event: 10.231 loading class sun/security/ssl/NewSessionTicket$T13NewSessionTicketMessage done
Event: 10.341 loading class java/util/OptionalLong
Event: 10.341 loading class java/util/OptionalLong done
Event: 10.565 Thread 0x000001edcd527de0 Thread added: 0x000001edcd527de0
Event: 10.565 Thread 0x000001edcd52a150 Thread added: 0x000001edcd52a150
Event: 10.565 Thread 0x000001edcd528d10 Thread added: 0x000001edcd528d10
Event: 10.566 Thread 0x000001edcd525050 Thread added: 0x000001edcd525050
Event: 10.566 Thread 0x000001edcd52b080 Thread added: 0x000001edcd52b080
Event: 10.566 Thread 0x000001edcd52c9d0 Thread added: 0x000001edcd52c9d0
Event: 10.566 Thread 0x000001edcd525560 Thread added: 0x000001edcd525560
Event: 10.566 Thread 0x000001edff850f40 Thread added: 0x000001edff850f40
Event: 10.590 loading class javax/net/ssl/SNIHostName
Event: 10.590 loading class javax/net/ssl/SNIServerName
Event: 10.590 loading class javax/net/ssl/SNIServerName done
Event: 10.590 loading class javax/net/ssl/SNIHostName done
Event: 10.602 loading class java/lang/CharacterDataUndefined
Event: 10.602 loading class java/lang/CharacterDataUndefined done


Dynamic libraries:
0x00007ff7c9cc0000 - 0x00007ff7c9cce000 	D:\eclipse down\bin\java.exe
0x00007ffef0290000 - 0x00007ffef0488000 	C:\WINDOWS\SYSTEM32\ntdll.dll
0x00007ffeefd40000 - 0x00007ffeefe01000 	C:\WINDOWS\System32\KERNEL32.DLL
0x00007ffeedad0000 - 0x00007ffeeddcd000 	C:\WINDOWS\System32\KERNELBASE.dll
0x00007ffeee1c0000 - 0x00007ffeee2c0000 	C:\WINDOWS\System32\ucrtbase.dll
0x00007ffee5c30000 - 0x00007ffee5c47000 	D:\eclipse down\bin\jli.dll
0x00007ffee6a20000 - 0x00007ffee6a3b000 	D:\eclipse down\bin\VCRUNTIME140.dll
0x00007ffeef140000 - 0x00007ffeef2dd000 	C:\WINDOWS\System32\USER32.dll
0x00007ffeedfc0000 - 0x00007ffeedfe2000 	C:\WINDOWS\System32\win32u.dll
0x00007ffeee2c0000 - 0x00007ffeee2eb000 	C:\WINDOWS\System32\GDI32.dll
0x00007ffeee0a0000 - 0x00007ffeee1b7000 	C:\WINDOWS\System32\gdi32full.dll
0x00007ffecea30000 - 0x00007ffececca000 	C:\WINDOWS\WinSxS\amd64_microsoft.windows.common-controls_6595b64144ccf1df_6.0.19041.4355_none_60b8b9eb71f62e16\COMCTL32.dll
0x00007ffeed940000 - 0x00007ffeed9dd000 	C:\WINDOWS\System32\msvcp_win.dll
0x00007ffeeead0000 - 0x00007ffeeeb6e000 	C:\WINDOWS\System32\msvcrt.dll
0x00007ffeeecc0000 - 0x00007ffeeecef000 	C:\WINDOWS\System32\IMM32.DLL
0x00007ffee6a10000 - 0x00007ffee6a1c000 	D:\eclipse down\bin\vcruntime140_1.dll
0x00007ffecb280000 - 0x00007ffecb30e000 	D:\eclipse down\bin\msvcp140.dll
0x00007ffeb1680000 - 0x00007ffeb22e4000 	D:\eclipse down\bin\server\jvm.dll
0x00007ffef0050000 - 0x00007ffef0100000 	C:\WINDOWS\System32\ADVAPI32.dll
0x00007ffeeefc0000 - 0x00007ffeef060000 	C:\WINDOWS\System32\sechost.dll
0x00007ffeeeb90000 - 0x00007ffeeecb3000 	C:\WINDOWS\System32\RPCRT4.dll
0x00007ffeeda50000 - 0x00007ffeeda77000 	C:\WINDOWS\System32\bcrypt.dll
0x00007ffedb280000 - 0x00007ffedb289000 	C:\WINDOWS\SYSTEM32\WSOCK32.dll
0x00007ffeed790000 - 0x00007ffeed7db000 	C:\WINDOWS\SYSTEM32\POWRPROF.dll
0x00007ffeefb40000 - 0x00007ffeefbab000 	C:\WINDOWS\System32\WS2_32.dll
0x00007ffed7a70000 - 0x00007ffed7a97000 	C:\WINDOWS\SYSTEM32\WINMM.dll
0x00007ffee66a0000 - 0x00007ffee66aa000 	C:\WINDOWS\SYSTEM32\VERSION.dll
0x00007ffeed770000 - 0x00007ffeed782000 	C:\WINDOWS\SYSTEM32\UMPDC.dll
0x00007ffeec3f0000 - 0x00007ffeec402000 	C:\WINDOWS\SYSTEM32\kernel.appcore.dll
0x00007ffee5c10000 - 0x00007ffee5c1a000 	D:\eclipse down\bin\jimage.dll
0x00007ffeebd00000 - 0x00007ffeebee4000 	C:\WINDOWS\SYSTEM32\DBGHELP.DLL
0x00007ffeebca0000 - 0x00007ffeebcd4000 	C:\WINDOWS\SYSTEM32\dbgcore.DLL
0x00007ffeeddd0000 - 0x00007ffeede52000 	C:\WINDOWS\System32\bcryptPrimitives.dll
0x00007ffee5b10000 - 0x00007ffee5b1e000 	D:\eclipse down\bin\instrument.dll
0x00007ffee4fe0000 - 0x00007ffee5005000 	D:\eclipse down\bin\java.dll
0x00007ffecab90000 - 0x00007ffecac67000 	D:\eclipse down\bin\jsvml.dll
0x00007ffeef3d0000 - 0x00007ffeefb3f000 	C:\WINDOWS\System32\SHELL32.dll
0x00007ffeeb270000 - 0x00007ffeeba13000 	C:\WINDOWS\SYSTEM32\windows.storage.dll
0x00007ffeee770000 - 0x00007ffeeeac3000 	C:\WINDOWS\System32\combase.dll
0x00007ffeed1c0000 - 0x00007ffeed1ee000 	C:\WINDOWS\SYSTEM32\Wldp.dll
0x00007ffeefec0000 - 0x00007ffeeff8d000 	C:\WINDOWS\System32\OLEAUT32.dll
0x00007ffef0100000 - 0x00007ffef01ad000 	C:\WINDOWS\System32\SHCORE.dll
0x00007ffeefce0000 - 0x00007ffeefd35000 	C:\WINDOWS\System32\shlwapi.dll
0x00007ffeed870000 - 0x00007ffeed894000 	C:\WINDOWS\SYSTEM32\profapi.dll
0x00007ffee5040000 - 0x00007ffee5058000 	D:\eclipse down\bin\zip.dll
0x00007ffee4f40000 - 0x00007ffee4f59000 	D:\eclipse down\bin\net.dll
0x00007ffeeba20000 - 0x00007ffeebb2d000 	C:\WINDOWS\SYSTEM32\WINHTTP.dll
0x00007ffeecfa0000 - 0x00007ffeed00a000 	C:\WINDOWS\system32\mswsock.dll
0x00007ffee49f0000 - 0x00007ffee4a06000 	D:\eclipse down\bin\nio.dll
0x00007ffee5080000 - 0x00007ffee509a000 	D:\intellij\IntelliJ IDEA 2023.3.6\bin\breakgen64.dll
0x00007ffee4ee0000 - 0x00007ffee4ee9000 	D:\eclipse down\bin\extnet.dll
0x00007ffeecce0000 - 0x00007ffeecdaa000 	C:\WINDOWS\SYSTEM32\DNSAPI.dll
0x00007ffeecca0000 - 0x00007ffeeccdb000 	C:\WINDOWS\SYSTEM32\IPHLPAPI.DLL
0x00007ffef01b0000 - 0x00007ffef01b8000 	C:\WINDOWS\System32\NSI.dll
0x00007ffedee90000 - 0x00007ffedee9a000 	C:\Windows\System32\rasadhlp.dll
0x00007ffee33a0000 - 0x00007ffee3420000 	C:\WINDOWS\System32\fwpuclnt.dll
0x00007ffee4fd0000 - 0x00007ffee4fda000 	D:\eclipse down\bin\management.dll
0x00007ffee4f10000 - 0x00007ffee4f1b000 	D:\eclipse down\bin\management_ext.dll
0x00007ffeee2f0000 - 0x00007ffeee2f8000 	C:\WINDOWS\System32\PSAPI.DLL
0x00007ffeed200000 - 0x00007ffeed218000 	C:\WINDOWS\SYSTEM32\CRYPTSP.dll
0x00007ffeec8e0000 - 0x00007ffeec914000 	C:\WINDOWS\system32\rsaenh.dll
0x00007ffeed830000 - 0x00007ffeed85e000 	C:\WINDOWS\SYSTEM32\USERENV.dll
0x00007ffeed130000 - 0x00007ffeed13c000 	C:\WINDOWS\SYSTEM32\CRYPTBASE.dll
0x00007ffee61c0000 - 0x00007ffee61d7000 	C:\WINDOWS\SYSTEM32\dhcpcsvc6.DLL
0x00007ffee52a0000 - 0x00007ffee52bd000 	C:\WINDOWS\SYSTEM32\dhcpcsvc.DLL
0x00007ffec5e30000 - 0x00007ffec5e47000 	C:\WINDOWS\system32\napinsp.dll
0x00007ffec57f0000 - 0x00007ffec580b000 	C:\WINDOWS\system32\pnrpnsp.dll
0x00007ffed5340000 - 0x00007ffed5355000 	C:\WINDOWS\system32\wshbth.dll
0x00007ffee8160000 - 0x00007ffee817d000 	C:\WINDOWS\system32\NLAapi.dll
0x00007ffec57d0000 - 0x00007ffec57e2000 	C:\WINDOWS\System32\winrnr.dll
0x00007ffee4bf0000 - 0x00007ffee4bfe000 	D:\eclipse down\bin\sunmscapi.dll
0x00007ffeede60000 - 0x00007ffeedfbc000 	C:\WINDOWS\System32\CRYPT32.dll
0x00007ffeed290000 - 0x00007ffeed2b9000 	C:\WINDOWS\SYSTEM32\ncrypt.dll
0x00007ffeed240000 - 0x00007ffeed27b000 	C:\WINDOWS\SYSTEM32\NTASN1.dll
0x00007ffee79e0000 - 0x00007ffee79e7000 	C:\WINDOWS\system32\wshunix.dll

dbghelp: loaded successfully - version: 4.0.5 - missing functions: none
symbol engine: initialized successfully - sym options: 0x614 - pdb path: .;D:\eclipse down\bin;C:\WINDOWS\SYSTEM32;C:\WINDOWS\WinSxS\amd64_microsoft.windows.common-controls_6595b64144ccf1df_6.0.19041.4355_none_60b8b9eb71f62e16;D:\eclipse down\bin\server;D:\intellij\IntelliJ IDEA 2023.3.6\bin

VM Arguments:
jvm_args: -XX:TieredStopAtLevel=1 -Dspring.output.ansi.enabled=always -Dcom.sun.management.jmxremote -Dspring.jmx.enabled=true -Dspring.liveBeansView.mbeanDomain -Dspring.application.admin.enabled=true -Dmanagement.endpoints.jmx.exposure.include=* -javaagent:D:\intellij\IntelliJ IDEA 2023.3.6\lib\idea_rt.jar=54568:D:\intellij\IntelliJ IDEA 2023.3.6\bin -Dfile.encoding=UTF-8 
java_command: com.knu.mockin.MockinApplicationKt
java_class_path (initial): D:\backend\build\classes\kotlin\main;D:\backend\build\resources\main;C:\Users\USER\.gradle\caches\modules-2\files-2.1\org.springframework.boot\spring-boot-starter-web\3.3.4\b43a9fd107611337777b47dc7518e2aca59e58eb\spring-boot-starter-web-3.3.4.jar;C:\Users\USER\.gradle\caches\modules-2\files-2.1\org.springframework.boot\spring-boot-starter-webflux\3.3.4\c20cd6fecbe7770892ec9110be363a9b12249cf5\spring-boot-starter-webflux-3.3.4.jar;C:\Users\USER\.gradle\caches\modules-2\files-2.1\com.fasterxml.jackson.module\jackson-module-kotlin\2.17.2\67d4e4ec0538f59a28c92f7fa0b63bd2c8b0ef21\jackson-module-kotlin-2.17.2.jar;C:\Users\USER\.gradle\caches\modules-2\files-2.1\org.jetbrains.kotlin\kotlin-reflect\1.9.25\73023c38b7b20430232893cf9b556dc8486e07a4\kotlin-reflect-1.9.25.jar;C:\Users\USER\.gradle\caches\modules-2\files-2.1\org.jetbrains.kotlinx\kotlinx-coroutines-reactor\1.9.0\4d2d8b927a13a5ea154fb5178159b1ca0d9beadf\kotlinx-coroutines-reactor-1.9.0.jar;C:\Users\USER\.gradle\caches\modules-2\files-2.1\org.jetbrains.kotlinx\kotlinx-coroutines-reactive\1.9.0\fb9a8a6344ed71e1af305da3ad9e94235c03c6fd\kotlinx-coroutines-reactive-1.9.0.jar;C:\Users\USER\.gradle\caches\modules-2\files-2.1\org.jetbrains.kotlin\kotlin-stdlib\1.9.25\f700a2f2b8f0d6d0fde48f56d894dc722fb029d7\kotlin-stdlib-1.9.25.jar;C:\Users\USER\.gradle\caches\modules-2\files-2.1\org.springframework.boot\spring-boot-starter-data-r2dbc\3.3.4\76ab049ceb2ce789e7bc03723c414179f50aa548\spring-boot-starter-data-r2dbc-3.3.4.jar;C:\Users\USER\.gradle\caches\modules-2\files-2.1\org.springframework.boot\spring-boot-starter-aop\3.3.4\4e0fef42facab9dbdbc7784dc4fb7698bf1c6b49\spring-boot-starter-aop-3.3.4.jar;C:\Users\USER\.gradle\caches\modules-2\files-2.1\org.springframework.boot\spring-boot-starter-logging\3.3.4\c83073c0f5574b2146695ab716bcef3d6baa45e6\spring-boot-starter-logging-3.3.4.jar;C:\Users\USER\.gradle\caches\modules-2\files-2.1\io.asyncer\r2dbc-mysql\1.2.0\e1ecfa9065867c65e475c669dff9414483db
Launcher Type: SUN_STANDARD

[Global flags]
     intx CICompilerCount                          = 4                                         {product} {ergonomic}
     uint ConcGCThreads                            = 2                                         {product} {ergonomic}
     uint G1ConcRefinementThreads                  = 8                                         {product} {ergonomic}
   size_t G1HeapRegionSize                         = 1048576                                   {product} {ergonomic}
    uintx GCDrainStackTargetSize                   = 64                                        {product} {ergonomic}
   size_t InitialHeapSize                          = 132120576                                 {product} {ergonomic}
     bool ManagementServer                         = true                                      {product} {command line}
   size_t MarkStackSize                            = 4194304                                   {product} {ergonomic}
   size_t MaxHeapSize                              = 2095054848                                {product} {ergonomic}
   size_t MaxNewSize                               = 1256194048                                {product} {ergonomic}
   size_t MinHeapDeltaBytes                        = 1048576                                   {product} {ergonomic}
   size_t MinHeapSize                              = 8388608                                   {product} {ergonomic}
    uintx NonProfiledCodeHeapSize                  = 0                                      {pd product} {ergonomic}
     bool ProfileInterpreter                       = false                                  {pd product} {command line}
    uintx ProfiledCodeHeapSize                     = 0                                      {pd product} {ergonomic}
   size_t SoftMaxHeapSize                          = 2095054848                             {manageable} {ergonomic}
     intx TieredStopAtLevel                        = 1                                         {product} {command line}
     bool UseCompressedClassPointers               = true                           {product lp64_product} {ergonomic}
     bool UseCompressedOops                        = true                           {product lp64_product} {ergonomic}
     bool UseG1GC                                  = true                                      {product} {ergonomic}
     bool UseLargePagesIndividualAllocation        = false                                  {pd product} {ergonomic}

Logging:
Log output configuration:
 #0: stdout all=warning uptime,level,tags
 #1: stderr all=off uptime,level,tags

Environment Variables:
JAVA_HOME=D:\32bit_jdk17
PATH=D:\eclipse down\bin\;C:\Program Files (x86)\Common Files\Oracle\Java\javapath;C:\ProgramData\Oracle\Java\javapath;C:\WINDOWS\system32;C:\WINDOWS;C:\WINDOWS\System32\Wbem;C:\WINDOWS\System32\WindowsPowerShell\v1.0\;C:\WINDOWS\System32\OpenSSH\;C:\netcat-win32-1.11\netcat-1.11;C:\x86_64-8.1.0-release-win32-seh-rt_v6-rev0\bin;C:\MinGW\bin;D:\jdk11\openjdk-11+28_windows-x64_bin\jdk-11\bin;C:\Program Files\MySQL\MySQL Server 8.0\bin;D:\Git\cmd;C:\Program Files\Bandizip\;C:\Program Files\nodejs\;C:\ProgramData\chocolatey\bin;C:\Program Files\OpenSSL-Win64\bin;D:\mongodb-win32-x86_64-windows-4.4.4\bin;;C:\Program Files\Docker\Docker\resources\bin;D:\spring_project_file\tomcat_32\apache-tomcat-10.1.20\bin;C:\Program Files\MySQL\MySQL Shell 8.0\bin\;C:\Users\USER\AppData\Local\Microsoft\WindowsApps;D:\Microsoft VS Code\bin;D:\intellij\IntelliJ IDEA 2023.3.6\bin;;C:\Users\USER\AppData\Roaming\npm;C:\Program Files\nodejs\
USERNAME=USER
OS=Windows_NT
PROCESSOR_IDENTIFIER=Intel64 Family 6 Model 142 Stepping 11, GenuineIntel
TMP=C:\Users\USER\AppData\Local\Temp
TEMP=C:\Users\USER\AppData\Local\Temp



Periodic native trim disabled


---------------  S Y S T E M  ---------------

OS:
 Windows 10 , 64 bit Build 19041 (10.0.19041.4842)
OS uptime: 1 days 1:02 hours
Hyper-V role detected

CPU: total 8 (initial active 8) (4 cores per cpu, 2 threads per core) family 6 model 142 stepping 11 microcode 0xae, cx8, cmov, fxsr, ht, mmx, 3dnowpref, sse, sse2, sse3, ssse3, sse4.1, sse4.2, popcnt, lzcnt, tsc, tscinvbit, avx, avx2, aes, erms, clmul, bmi1, bmi2, adx, fma, vzeroupper, clflush, clflushopt, hv
Processor Information for all 8 processors :
  Max Mhz: 1800, Current Mhz: 1600, Mhz Limit: 1584

Memory: 4k page, system-wide physical 7986M (448M free)
TotalPageFile size 11674M (AvailPageFile size 3M)
current process WorkingSet (physical memory assigned to process): 232M, peak: 232M
current process commit charge ("private bytes"): 274M, peak: 319M

vm_info: OpenJDK 64-Bit Server VM (17.0.10+13-LTS) for windows-amd64 JRE (17.0.10+13-LTS), built on Jan 12 2024 12:35:25 by "" with MS VC++ 17.1 (VS2022)

END.
