#
# There is insufficient memory for the Java Runtime Environment to continue.
# Native memory allocation (mmap) failed to map 135266304 bytes for G1 virtual space
# Possible reasons:
#   The system is out of physical RAM or swap space
#   The process is running with CompressedOops enabled, and the Java Heap may be blocking the growth of the native heap
# Possible solutions:
#   Reduce memory load on the system
#   Increase physical memory or swap space
#   Check if swap backing store is full
#   Decrease Java heap size (-Xmx/-Xms)
#   Decrease number of Java threads
#   Decrease Java thread stack sizes (-Xss)
#   Set larger code cache with -XX:ReservedCodeCacheSize=
#   JVM is running with Unscaled Compressed Oops mode in which the Java heap is
#     placed in the first 4GB address space. The Java Heap base address is the
#     maximum limit for the native heap growth. Please use -XX:HeapBaseMinAddress
#     to set the Java Heap base and to place the Java Heap above 4GB virtual address.
# This output file may be truncated or incomplete.
#
#  Out of Memory Error (os_windows.cpp:3613), pid=21632, tid=16912
#
# JRE version: OpenJDK Runtime Environment (17.0.10+13) (build 17.0.10+13-LTS)
# Java VM: OpenJDK 64-Bit Server VM (17.0.10+13-LTS, mixed mode, sharing, tiered, compressed oops, compressed class ptrs, g1 gc, windows-amd64)
# No core dump will be written. Minidumps are not enabled by default on client versions of Windows
#

---------------  S U M M A R Y ------------

Command Line: -XX:TieredStopAtLevel=1 -Dspring.output.ansi.enabled=always -Dcom.sun.management.jmxremote -Dspring.jmx.enabled=true -Dspring.liveBeansView.mbeanDomain -Dspring.application.admin.enabled=true -Dmanagement.endpoints.jmx.exposure.include=* -javaagent:D:\intellij\IntelliJ IDEA 2023.3.6\lib\idea_rt.jar=49315:D:\intellij\IntelliJ IDEA 2023.3.6\bin -Dfile.encoding=UTF-8 com.knu.mockin.MockinApplicationKt

Host: Intel(R) Core(TM) i5-8265U CPU @ 1.60GHz, 8 cores, 7G,  Windows 10 , 64 bit Build 19041 (10.0.19041.4842)
Time: Mon Oct  7 17:41:17 2024  Windows 10 , 64 bit Build 19041 (10.0.19041.4842) elapsed time: 126.203251 seconds (0d 0h 2m 6s)

---------------  T H R E A D  ---------------

Current thread (0x000001dc69110790):  VMThread "VM Thread" [stack: 0x0000000fa2e00000,0x0000000fa2f00000] [id=16912]

Stack: [0x0000000fa2e00000,0x0000000fa2f00000]
Native frames: (J=compiled Java code, j=interpreted, Vv=VM code, C=native code)
V  [jvm.dll+0x67c489]
V  [jvm.dll+0x8329f8]
V  [jvm.dll+0x8344be]
V  [jvm.dll+0x834b23]
V  [jvm.dll+0x24805f]
V  [jvm.dll+0x6792b9]
V  [jvm.dll+0x66de1a]
V  [jvm.dll+0x306976]
V  [jvm.dll+0x30dd66]
V  [jvm.dll+0x35d73e]
V  [jvm.dll+0x35d96f]
V  [jvm.dll+0x2dd718]
V  [jvm.dll+0x2dbb15]
V  [jvm.dll+0x2db11c]
V  [jvm.dll+0x31ebdb]
V  [jvm.dll+0x83933b]
V  [jvm.dll+0x83a081]
V  [jvm.dll+0x83a59d]
V  [jvm.dll+0x83a974]
V  [jvm.dll+0x83aa40]
V  [jvm.dll+0x7e218a]
V  [jvm.dll+0x67b375]
C  [ucrtbase.dll+0x21bb2]
C  [KERNEL32.DLL+0x17374]
C  [ntdll.dll+0x4cc91]

VM_Operation (0x0000000fa51fe070): G1CollectForAllocation, mode: safepoint, requested by thread 0x000001dc6e7debb0


---------------  P R O C E S S  ---------------

Threads class SMR info:
_java_thread_list=0x000001dc6fab45f0, length=51, elements={
0x000001dc691177c0, 0x000001dc69118640, 0x000001dc69132920, 0x000001dc691336b0,
0x000001dc691374a0, 0x000001dc6913c630, 0x000001dc6913fc90, 0x000001dc691485b0,
0x000001dc690ff660, 0x000001dc6e122570, 0x000001dc6e122a50, 0x000001dc6e228a90,
0x000001dc6e549b60, 0x000001dc6e7ddc80, 0x000001dc6e7de190, 0x000001dc6e7dbe20,
0x000001dc6e7dc840, 0x000001dc6e7dcd50, 0x000001dc6e7df0c0, 0x000001dc6e7debb0,
0x000001dc6e7dd260, 0x000001dc6e7df5d0, 0x000001dc6e7dc330, 0x000001dc6e7dd770,
0x000001dc6fb1efc0, 0x000001dc6fb18060, 0x000001dc6fb18570, 0x000001dc6fb1c230,
0x000001dc6fb1eab0, 0x000001dc6fb1d160, 0x000001dc6fb1a8e0, 0x000001dc6fb199b0,
0x000001dc6fb1a3d0, 0x000001dc6fb1adf0, 0x000001dc6fb194a0, 0x000001dc6fb18f90,
0x000001dc6fb17b50, 0x000001dc6fb18a80, 0x000001dc6fb1f4d0, 0x000001dc6fb1db80,
0x000001dc6fb19ec0, 0x000001dc6fb1b300, 0x000001dc6fb1d670, 0x000001dc6fb1b810,
0x000001dc6fb1e090, 0x000001dc6fb1e5a0, 0x000001dc6fb1bd20, 0x000001dc6fb1c740,
0x000001dc6ff77440, 0x000001dc6ff76510, 0x000001dc6ff7bb20
}

Java Threads: ( => current thread )
  0x000001dc691177c0 JavaThread "Reference Handler" daemon [_thread_blocked, id=20000, stack(0x0000000fa2f00000,0x0000000fa3000000)]
  0x000001dc69118640 JavaThread "Finalizer" daemon [_thread_blocked, id=1216, stack(0x0000000fa3000000,0x0000000fa3100000)]
  0x000001dc69132920 JavaThread "Signal Dispatcher" daemon [_thread_blocked, id=19268, stack(0x0000000fa3100000,0x0000000fa3200000)]
  0x000001dc691336b0 JavaThread "Attach Listener" daemon [_thread_blocked, id=18664, stack(0x0000000fa3200000,0x0000000fa3300000)]
  0x000001dc691374a0 JavaThread "Service Thread" daemon [_thread_blocked, id=23428, stack(0x0000000fa3300000,0x0000000fa3400000)]
  0x000001dc6913c630 JavaThread "Monitor Deflation Thread" daemon [_thread_blocked, id=21932, stack(0x0000000fa3400000,0x0000000fa3500000)]
  0x000001dc6913fc90 JavaThread "C1 CompilerThread0" daemon [_thread_blocked, id=17668, stack(0x0000000fa3500000,0x0000000fa3600000)]
  0x000001dc691485b0 JavaThread "Sweeper thread" daemon [_thread_blocked, id=18080, stack(0x0000000fa3600000,0x0000000fa3700000)]
  0x000001dc690ff660 JavaThread "Common-Cleaner" daemon [_thread_blocked, id=23448, stack(0x0000000fa3700000,0x0000000fa3800000)]
  0x000001dc6e122570 JavaThread "Monitor Ctrl-Break" daemon [_thread_in_native, id=14200, stack(0x0000000fa3b00000,0x0000000fa3c00000)]
  0x000001dc6e122a50 JavaThread "Notification Thread" daemon [_thread_blocked, id=11848, stack(0x0000000fa3c00000,0x0000000fa3d00000)]
  0x000001dc6e228a90 JavaThread "RMI TCP Accept-0" daemon [_thread_in_native, id=21732, stack(0x0000000fa3d00000,0x0000000fa3e00000)]
  0x000001dc6e549b60 JavaThread "RMI Scheduler(0)" daemon [_thread_blocked, id=20788, stack(0x0000000fa4000000,0x0000000fa4100000)]
  0x000001dc6e7ddc80 JavaThread "Catalina-utility-1" [_thread_blocked, id=22928, stack(0x0000000fa4b00000,0x0000000fa4c00000)]
  0x000001dc6e7de190 JavaThread "Catalina-utility-2" [_thread_blocked, id=22372, stack(0x0000000fa4c00000,0x0000000fa4d00000)]
  0x000001dc6e7dbe20 JavaThread "container-0" [_thread_blocked, id=19364, stack(0x0000000fa4e00000,0x0000000fa4f00000)]
  0x000001dc6e7dc840 JavaThread "boundedElastic-evictor-1" daemon [_thread_blocked, id=22788, stack(0x0000000fa4f00000,0x0000000fa5000000)]
  0x000001dc6e7dcd50 JavaThread "parallel-1" daemon [_thread_blocked, id=18476, stack(0x0000000fa5000000,0x0000000fa5100000)]
  0x000001dc6e7df0c0 JavaThread "Live Reload Server" daemon [_thread_in_native, id=20536, stack(0x0000000fa5200000,0x0000000fa5300000)]
  0x000001dc6e7debb0 JavaThread "File Watcher" daemon [_thread_blocked, id=380, stack(0x0000000fa5100000,0x0000000fa5200000)]
  0x000001dc6e7dd260 JavaThread "http-nio-8080-exec-1" daemon [_thread_blocked, id=22588, stack(0x0000000fa5300000,0x0000000fa5400000)]
  0x000001dc6e7df5d0 JavaThread "http-nio-8080-exec-2" daemon [_thread_blocked, id=7480, stack(0x0000000fa5400000,0x0000000fa5500000)]
  0x000001dc6e7dc330 JavaThread "http-nio-8080-exec-3" daemon [_thread_blocked, id=23472, stack(0x0000000fa5500000,0x0000000fa5600000)]
  0x000001dc6e7dd770 JavaThread "http-nio-8080-exec-4" daemon [_thread_blocked, id=19156, stack(0x0000000fa5600000,0x0000000fa5700000)]
  0x000001dc6fb1efc0 JavaThread "http-nio-8080-exec-5" daemon [_thread_blocked, id=18200, stack(0x0000000fa5700000,0x0000000fa5800000)]
  0x000001dc6fb18060 JavaThread "http-nio-8080-exec-6" daemon [_thread_blocked, id=18960, stack(0x0000000fa5800000,0x0000000fa5900000)]
  0x000001dc6fb18570 JavaThread "http-nio-8080-exec-7" daemon [_thread_blocked, id=20060, stack(0x0000000fa5900000,0x0000000fa5a00000)]
  0x000001dc6fb1c230 JavaThread "http-nio-8080-exec-8" daemon [_thread_blocked, id=5132, stack(0x0000000fa5a00000,0x0000000fa5b00000)]
  0x000001dc6fb1eab0 JavaThread "http-nio-8080-exec-9" daemon [_thread_blocked, id=2096, stack(0x0000000fa5b00000,0x0000000fa5c00000)]
  0x000001dc6fb1d160 JavaThread "http-nio-8080-exec-10" daemon [_thread_blocked, id=19152, stack(0x0000000fa5c00000,0x0000000fa5d00000)]
  0x000001dc6fb1a8e0 JavaThread "http-nio-8080-Poller" daemon [_thread_in_native, id=9968, stack(0x0000000fa5d00000,0x0000000fa5e00000)]
  0x000001dc6fb199b0 JavaThread "http-nio-8080-Acceptor" daemon [_thread_in_native, id=12740, stack(0x0000000fa5e00000,0x0000000fa5f00000)]
  0x000001dc6fb1a3d0 JavaThread "DestroyJavaVM" [_thread_blocked, id=21056, stack(0x0000000fa2800000,0x0000000fa2900000)]
  0x000001dc6fb1adf0 JavaThread "single-1" daemon [_thread_blocked, id=20844, stack(0x0000000fa3800000,0x0000000fa3900000)]
  0x000001dc6fb194a0 JavaThread "reactor-tcp-nio-1" daemon [_thread_in_native, id=22968, stack(0x0000000fa3900000,0x0000000fa3a00000)]
  0x000001dc6fb18f90 JavaThread "reactor-tcp-nio-2" daemon [_thread_in_native, id=20436, stack(0x0000000fa3a00000,0x0000000fa3b00000)]
  0x000001dc6fb17b50 JavaThread "reactor-tcp-nio-3" daemon [_thread_in_native, id=12856, stack(0x0000000fa4a00000,0x0000000fa4b00000)]
  0x000001dc6fb18a80 JavaThread "reactor-tcp-nio-4" daemon [_thread_in_native, id=17980, stack(0x0000000fa5f00000,0x0000000fa6000000)]
  0x000001dc6fb1f4d0 JavaThread "reactor-tcp-nio-5" daemon [_thread_in_native, id=22836, stack(0x0000000fa6000000,0x0000000fa6100000)]
  0x000001dc6fb1db80 JavaThread "reactor-tcp-nio-6" daemon [_thread_in_native, id=17080, stack(0x0000000fa6100000,0x0000000fa6200000)]
  0x000001dc6fb19ec0 JavaThread "reactor-tcp-nio-7" daemon [_thread_in_native, id=21180, stack(0x0000000fa6200000,0x0000000fa6300000)]
  0x000001dc6fb1b300 JavaThread "reactor-tcp-nio-8" daemon [_thread_in_native, id=12776, stack(0x0000000fa6300000,0x0000000fa6400000)]
  0x000001dc6fb1d670 JavaThread "Thread-15" daemon [_thread_in_native, id=19760, stack(0x0000000fa6400000,0x0000000fa6500000)]
  0x000001dc6fb1b810 JavaThread "reactor-http-nio-1" daemon [_thread_in_native, id=15948, stack(0x0000000fa6800000,0x0000000fa6900000)]
  0x000001dc6fb1e090 JavaThread "reactor-http-nio-2" daemon [_thread_in_native, id=5136, stack(0x0000000fa6900000,0x0000000fa6a00000)]
  0x000001dc6fb1e5a0 JavaThread "reactor-http-nio-3" daemon [_thread_in_native, id=23004, stack(0x0000000fa6a00000,0x0000000fa6b00000)]
  0x000001dc6fb1bd20 JavaThread "reactor-http-nio-4" daemon [_thread_in_native, id=9088, stack(0x0000000fa6b00000,0x0000000fa6c00000)]
  0x000001dc6fb1c740 JavaThread "reactor-http-nio-5" daemon [_thread_in_native, id=10172, stack(0x0000000fa6c00000,0x0000000fa6d00000)]
  0x000001dc6ff77440 JavaThread "reactor-http-nio-6" daemon [_thread_in_native, id=7224, stack(0x0000000fa6d00000,0x0000000fa6e00000)]
  0x000001dc6ff76510 JavaThread "reactor-http-nio-7" daemon [_thread_in_native, id=3380, stack(0x0000000fa6e00000,0x0000000fa6f00000)]
  0x000001dc6ff7bb20 JavaThread "reactor-http-nio-8" daemon [_thread_in_native, id=14216, stack(0x0000000fa6f00000,0x0000000fa7000000)]

Other Threads:
=>0x000001dc69110790 VMThread "VM Thread" [stack: 0x0000000fa2e00000,0x0000000fa2f00000] [id=16912]
  0x000001dc554675e0 WatcherThread [stack: 0x0000000fa3e00000,0x0000000fa3f00000] [id=15784]
  0x000001dc554be910 GCTaskThread "GC Thread#0" [stack: 0x0000000fa2900000,0x0000000fa2a00000] [id=18780]
  0x000001dc6e5e2da0 GCTaskThread "GC Thread#1" [stack: 0x0000000fa4100000,0x0000000fa4200000] [id=22672]
  0x000001dc6e63dd30 GCTaskThread "GC Thread#2" [stack: 0x0000000fa4200000,0x0000000fa4300000] [id=21456]
  0x000001dc6e631aa0 GCTaskThread "GC Thread#3" [stack: 0x0000000fa4300000,0x0000000fa4400000] [id=15932]
  0x000001dc6e65fcd0 GCTaskThread "GC Thread#4" [stack: 0x0000000fa4400000,0x0000000fa4500000] [id=13396]
  0x000001dc6e65ff90 GCTaskThread "GC Thread#5" [stack: 0x0000000fa4500000,0x0000000fa4600000] [id=17112]
  0x000001dc6e6606d0 GCTaskThread "GC Thread#6" [stack: 0x0000000fa4600000,0x0000000fa4700000] [id=21204]
  0x000001dc6e668e20 GCTaskThread "GC Thread#7" [stack: 0x0000000fa4700000,0x0000000fa4800000] [id=18496]
  0x000001dc554cf220 ConcurrentGCThread "G1 Main Marker" [stack: 0x0000000fa2a00000,0x0000000fa2b00000] [id=19832]
  0x000001dc554d13f0 ConcurrentGCThread "G1 Conc#0" [stack: 0x0000000fa2b00000,0x0000000fa2c00000] [id=19840]
  0x000001dc6ed52930 ConcurrentGCThread "G1 Conc#1" [stack: 0x0000000fa4d00000,0x0000000fa4e00000] [id=19048]
  0x000001dc5550e880 ConcurrentGCThread "G1 Refine#0" [stack: 0x0000000fa2c00000,0x0000000fa2d00000] [id=19668]
  0x000001dc6e62f3a0 ConcurrentGCThread "G1 Refine#1" [stack: 0x0000000fa4800000,0x0000000fa4900000] [id=22728]
  0x000001dc68fcc2a0 ConcurrentGCThread "G1 Service" [stack: 0x0000000fa2d00000,0x0000000fa2e00000] [id=2972]

Threads with active compile tasks:

VM state: at safepoint (normal execution)

VM Mutex/Monitor currently owned by a thread:  ([mutex/lock_event])
[0x000001dc55461d90] Threads_lock - owner thread: 0x000001dc69110790
[0x000001dc55461e20] Heap_lock - owner thread: 0x000001dc6e7debb0

Heap address: 0x0000000083200000, size: 1998 MB, Compressed Oops mode: 32-bit

CDS archive(s) mapped at: [0x000001dc00000000-0x000001dc00bb0000-0x000001dc00bb0000), size 12255232, SharedBaseAddress: 0x000001dc00000000, ArchiveRelocationMode: 1.
Compressed class space mapped at: 0x000001dc01000000-0x000001dc41000000, reserved size: 1073741824
Narrow klass base: 0x000001dc00000000, Narrow klass shift: 0, Narrow klass range: 0x100000000

GC Precious Log:
 CPUs: 8 total, 8 available
 Memory: 7986M
 Large Page Support: Disabled
 NUMA Support: Disabled
 Compressed Oops: Enabled (32-bit)
 Heap Region Size: 1M
 Heap Min Capacity: 8M
 Heap Initial Capacity: 126M
 Heap Max Capacity: 1998M
 Pre-touch: Disabled
 Parallel Workers: 8
 Concurrent Workers: 2
 Concurrent Refinement Workers: 8
 Periodic GC: Disabled

Heap:
 garbage-first heap   total 132096K, used 82731K [0x0000000083200000, 0x0000000100000000)
  region size 1024K, 2 young (2048K), 2 survivors (2048K)
 Metaspace       used 63882K, committed 64384K, reserved 1114112K
  class space    used 8839K, committed 9088K, reserved 1048576K

Heap Regions: E=young(eden), S=young(survivor), O=old, HS=humongous(starts), HC=humongous(continues), CS=collection set, F=free, OA=open archive, CA=closed archive, TAMS=top-at-mark-start (previous, next)
|   0|0x0000000083200000, 0x0000000083300000, 0x0000000083300000|100%| O|  |TAMS 0x0000000083300000, 0x0000000083300000| Untracked 
|   1|0x0000000083300000, 0x0000000083400000, 0x0000000083400000|100%| O|  |TAMS 0x0000000083400000, 0x0000000083400000| Untracked 
|   2|0x0000000083400000, 0x0000000083500000, 0x0000000083500000|100%| O|  |TAMS 0x0000000083500000, 0x0000000083500000| Untracked 
|   3|0x0000000083500000, 0x0000000083600000, 0x0000000083600000|100%| O|  |TAMS 0x0000000083600000, 0x0000000083600000| Untracked 
|   4|0x0000000083600000, 0x0000000083700000, 0x0000000083700000|100%| O|  |TAMS 0x0000000083700000, 0x0000000083700000| Untracked 
|   5|0x0000000083700000, 0x0000000083800000, 0x0000000083800000|100%| O|  |TAMS 0x0000000083800000, 0x0000000083800000| Untracked 
|   6|0x0000000083800000, 0x0000000083900000, 0x0000000083900000|100%| O|  |TAMS 0x0000000083900000, 0x0000000083900000| Untracked 
|   7|0x0000000083900000, 0x00000000839f4200, 0x0000000083a00000| 95%| O|  |TAMS 0x0000000083900000, 0x00000000839f4200| Untracked 
|   8|0x0000000083a00000, 0x0000000083b00000, 0x0000000083b00000|100%| O|  |TAMS 0x0000000083b00000, 0x0000000083b00000| Untracked 
|   9|0x0000000083b00000, 0x0000000083c00000, 0x0000000083c00000|100%| O|  |TAMS 0x0000000083c00000, 0x0000000083c00000| Untracked 
|  10|0x0000000083c00000, 0x0000000083d00000, 0x0000000083d00000|100%| O|  |TAMS 0x0000000083d00000, 0x0000000083d00000| Untracked 
|  11|0x0000000083d00000, 0x0000000083d00000, 0x0000000083e00000|  0%| F|  |TAMS 0x0000000083d00000, 0x0000000083d00000| Untracked 
|  12|0x0000000083e00000, 0x0000000083f00000, 0x0000000083f00000|100%| O|  |TAMS 0x0000000083f00000, 0x0000000083f00000| Untracked 
|  13|0x0000000083f00000, 0x0000000084000000, 0x0000000084000000|100%| O|  |TAMS 0x0000000084000000, 0x0000000084000000| Untracked 
|  14|0x0000000084000000, 0x0000000084100000, 0x0000000084100000|100%| O|  |TAMS 0x0000000084100000, 0x0000000084100000| Untracked 
|  15|0x0000000084100000, 0x0000000084200000, 0x0000000084200000|100%| O|  |TAMS 0x0000000084200000, 0x0000000084200000| Untracked 
|  16|0x0000000084200000, 0x0000000084300000, 0x0000000084300000|100%| O|  |TAMS 0x0000000084300000, 0x0000000084300000| Untracked 
|  17|0x0000000084300000, 0x0000000084400000, 0x0000000084400000|100%| O|  |TAMS 0x0000000084400000, 0x0000000084400000| Untracked 
|  18|0x0000000084400000, 0x0000000084500000, 0x0000000084500000|100%| O|  |TAMS 0x0000000084500000, 0x0000000084500000| Untracked 
|  19|0x0000000084500000, 0x0000000084600000, 0x0000000084600000|100%| O|  |TAMS 0x0000000084600000, 0x0000000084600000| Untracked 
|  20|0x0000000084600000, 0x0000000084700000, 0x0000000084700000|100%| O|  |TAMS 0x0000000084700000, 0x0000000084700000| Untracked 
|  21|0x0000000084700000, 0x0000000084800000, 0x0000000084800000|100%| O|  |TAMS 0x0000000084800000, 0x0000000084800000| Untracked 
|  22|0x0000000084800000, 0x0000000084900000, 0x0000000084900000|100%| O|  |TAMS 0x0000000084900000, 0x0000000084900000| Untracked 
|  23|0x0000000084900000, 0x0000000084a00000, 0x0000000084a00000|100%| O|  |TAMS 0x0000000084a00000, 0x0000000084a00000| Untracked 
|  24|0x0000000084a00000, 0x0000000084b00000, 0x0000000084b00000|100%| O|  |TAMS 0x0000000084b00000, 0x0000000084b00000| Untracked 
|  25|0x0000000084b00000, 0x0000000084c00000, 0x0000000084c00000|100%| O|  |TAMS 0x0000000084c00000, 0x0000000084c00000| Untracked 
|  26|0x0000000084c00000, 0x0000000084d00000, 0x0000000084d00000|100%| O|  |TAMS 0x0000000084d00000, 0x0000000084d00000| Untracked 
|  27|0x0000000084d00000, 0x0000000084e00000, 0x0000000084e00000|100%| O|  |TAMS 0x0000000084e00000, 0x0000000084e00000| Untracked 
|  28|0x0000000084e00000, 0x0000000084f00000, 0x0000000084f00000|100%|HS|  |TAMS 0x0000000084f00000, 0x0000000084f00000| Complete 
|  29|0x0000000084f00000, 0x0000000085000000, 0x0000000085000000|100%|HC|  |TAMS 0x0000000085000000, 0x0000000085000000| Complete 
|  30|0x0000000085000000, 0x0000000085100000, 0x0000000085100000|100%|HC|  |TAMS 0x0000000085100000, 0x0000000085100000| Complete 
|  31|0x0000000085100000, 0x0000000085200000, 0x0000000085200000|100%|HC|  |TAMS 0x0000000085200000, 0x0000000085200000| Complete 
|  32|0x0000000085200000, 0x0000000085300000, 0x0000000085300000|100%|HC|  |TAMS 0x0000000085300000, 0x0000000085300000| Complete 
|  33|0x0000000085300000, 0x0000000085400000, 0x0000000085400000|100%| O|  |TAMS 0x0000000085400000, 0x0000000085400000| Untracked 
|  34|0x0000000085400000, 0x0000000085500000, 0x0000000085500000|100%| O|  |TAMS 0x0000000085500000, 0x0000000085500000| Untracked 
|  35|0x0000000085500000, 0x0000000085600000, 0x0000000085600000|100%| O|  |TAMS 0x0000000085600000, 0x0000000085600000| Untracked 
|  36|0x0000000085600000, 0x0000000085700000, 0x0000000085700000|100%| O|  |TAMS 0x0000000085700000, 0x0000000085700000| Untracked 
|  37|0x0000000085700000, 0x0000000085800000, 0x0000000085800000|100%| O|  |TAMS 0x0000000085800000, 0x0000000085800000| Untracked 
|  38|0x0000000085800000, 0x0000000085900000, 0x0000000085900000|100%| O|  |TAMS 0x000000008589a000, 0x0000000085900000| Untracked 
|  39|0x0000000085900000, 0x0000000085900000, 0x0000000085a00000|  0%| F|  |TAMS 0x0000000085900000, 0x0000000085900000| Untracked 
|  40|0x0000000085a00000, 0x0000000085b00000, 0x0000000085b00000|100%| O|  |TAMS 0x0000000085b00000, 0x0000000085b00000| Untracked 
|  41|0x0000000085b00000, 0x0000000085c00000, 0x0000000085c00000|100%|HS|  |TAMS 0x0000000085c00000, 0x0000000085c00000| Complete 
|  42|0x0000000085c00000, 0x0000000085d00000, 0x0000000085d00000|100%|HC|  |TAMS 0x0000000085d00000, 0x0000000085d00000| Complete 
|  43|0x0000000085d00000, 0x0000000085e00000, 0x0000000085e00000|100%|HC|  |TAMS 0x0000000085e00000, 0x0000000085e00000| Complete 
|  44|0x0000000085e00000, 0x0000000085f00000, 0x0000000085f00000|100%|HC|  |TAMS 0x0000000085f00000, 0x0000000085f00000| Complete 
|  45|0x0000000085f00000, 0x0000000086000000, 0x0000000086000000|100%|HC|  |TAMS 0x0000000086000000, 0x0000000086000000| Complete 
|  46|0x0000000086000000, 0x0000000086100000, 0x0000000086100000|100%|HS|  |TAMS 0x0000000086100000, 0x0000000086100000| Complete 
|  47|0x0000000086100000, 0x0000000086200000, 0x0000000086200000|100%|HC|  |TAMS 0x0000000086200000, 0x0000000086200000| Complete 
|  48|0x0000000086200000, 0x0000000086300000, 0x0000000086300000|100%|HC|  |TAMS 0x0000000086300000, 0x0000000086300000| Complete 
|  49|0x0000000086300000, 0x0000000086400000, 0x0000000086400000|100%|HC|  |TAMS 0x0000000086400000, 0x0000000086400000| Complete 
|  50|0x0000000086400000, 0x0000000086500000, 0x0000000086500000|100%|HC|  |TAMS 0x0000000086500000, 0x0000000086500000| Complete 
|  51|0x0000000086500000, 0x0000000086600000, 0x0000000086600000|100%|HS|  |TAMS 0x0000000086600000, 0x0000000086600000| Complete 
|  52|0x0000000086600000, 0x0000000086700000, 0x0000000086700000|100%|HC|  |TAMS 0x0000000086700000, 0x0000000086700000| Complete 
|  53|0x0000000086700000, 0x0000000086800000, 0x0000000086800000|100%|HC|  |TAMS 0x0000000086800000, 0x0000000086800000| Complete 
|  54|0x0000000086800000, 0x0000000086900000, 0x0000000086900000|100%|HC|  |TAMS 0x0000000086900000, 0x0000000086900000| Complete 
|  55|0x0000000086900000, 0x0000000086a00000, 0x0000000086a00000|100%|HC|  |TAMS 0x0000000086a00000, 0x0000000086a00000| Complete 
|  56|0x0000000086a00000, 0x0000000086a00000, 0x0000000086b00000|  0%| F|  |TAMS 0x0000000086a00000, 0x0000000086a00000| Untracked 
|  57|0x0000000086b00000, 0x0000000086b00000, 0x0000000086c00000|  0%| F|  |TAMS 0x0000000086b00000, 0x0000000086b00000| Untracked 
|  58|0x0000000086c00000, 0x0000000086d00000, 0x0000000086d00000|100%|HS|  |TAMS 0x0000000086d00000, 0x0000000086d00000| Complete 
|  59|0x0000000086d00000, 0x0000000086e00000, 0x0000000086e00000|100%|HC|  |TAMS 0x0000000086e00000, 0x0000000086e00000| Complete 
|  60|0x0000000086e00000, 0x0000000086f00000, 0x0000000086f00000|100%|HC|  |TAMS 0x0000000086f00000, 0x0000000086f00000| Complete 
|  61|0x0000000086f00000, 0x0000000087000000, 0x0000000087000000|100%|HC|  |TAMS 0x0000000087000000, 0x0000000087000000| Complete 
|  62|0x0000000087000000, 0x0000000087100000, 0x0000000087100000|100%|HC|  |TAMS 0x0000000087100000, 0x0000000087100000| Complete 
|  63|0x0000000087100000, 0x0000000087100000, 0x0000000087200000|  0%| F|  |TAMS 0x0000000087100000, 0x0000000087100000| Untracked 
|  64|0x0000000087200000, 0x0000000087200000, 0x0000000087300000|  0%| F|  |TAMS 0x0000000087200000, 0x0000000087200000| Untracked 
|  65|0x0000000087300000, 0x0000000087400000, 0x0000000087400000|100%|HS|  |TAMS 0x0000000087400000, 0x0000000087400000| Complete 
|  66|0x0000000087400000, 0x0000000087500000, 0x0000000087500000|100%|HC|  |TAMS 0x0000000087500000, 0x0000000087500000| Complete 
|  67|0x0000000087500000, 0x0000000087600000, 0x0000000087600000|100%|HC|  |TAMS 0x0000000087600000, 0x0000000087600000| Complete 
|  68|0x0000000087600000, 0x0000000087700000, 0x0000000087700000|100%|HC|  |TAMS 0x0000000087700000, 0x0000000087700000| Complete 
|  69|0x0000000087700000, 0x0000000087800000, 0x0000000087800000|100%|HC|  |TAMS 0x0000000087800000, 0x0000000087800000| Complete 
|  70|0x0000000087800000, 0x0000000087900000, 0x0000000087900000|100%|HS|  |TAMS 0x0000000087800000, 0x0000000087900000| Complete 
|  71|0x0000000087900000, 0x0000000087a00000, 0x0000000087a00000|100%|HC|  |TAMS 0x0000000087900000, 0x0000000087a00000| Complete 
|  72|0x0000000087a00000, 0x0000000087b00000, 0x0000000087b00000|100%|HC|  |TAMS 0x0000000087a00000, 0x0000000087b00000| Complete 
|  73|0x0000000087b00000, 0x0000000087c00000, 0x0000000087c00000|100%|HC|  |TAMS 0x0000000087b00000, 0x0000000087c00000| Complete 
|  74|0x0000000087c00000, 0x0000000087d00000, 0x0000000087d00000|100%|HC|  |TAMS 0x0000000087c00000, 0x0000000087d00000| Complete 
|  75|0x0000000087d00000, 0x0000000087e00000, 0x0000000087e00000|100%|HS|  |TAMS 0x0000000087d00000, 0x0000000087e00000| Complete 
|  76|0x0000000087e00000, 0x0000000087f00000, 0x0000000087f00000|100%|HC|  |TAMS 0x0000000087e00000, 0x0000000087f00000| Complete 
|  77|0x0000000087f00000, 0x0000000088000000, 0x0000000088000000|100%|HC|  |TAMS 0x0000000087f00000, 0x0000000088000000| Complete 
|  78|0x0000000088000000, 0x0000000088100000, 0x0000000088100000|100%|HC|  |TAMS 0x0000000088000000, 0x0000000088100000| Complete 
|  79|0x0000000088100000, 0x0000000088200000, 0x0000000088200000|100%|HC|  |TAMS 0x0000000088100000, 0x0000000088200000| Complete 
|  80|0x0000000088200000, 0x0000000088300000, 0x0000000088300000|100%|HS|  |TAMS 0x0000000088200000, 0x0000000088300000| Complete 
|  81|0x0000000088300000, 0x0000000088400000, 0x0000000088400000|100%|HC|  |TAMS 0x0000000088300000, 0x0000000088400000| Complete 
|  82|0x0000000088400000, 0x0000000088500000, 0x0000000088500000|100%|HC|  |TAMS 0x0000000088400000, 0x0000000088500000| Complete 
|  83|0x0000000088500000, 0x0000000088600000, 0x0000000088600000|100%|HC|  |TAMS 0x0000000088500000, 0x0000000088600000| Complete 
|  84|0x0000000088600000, 0x0000000088700000, 0x0000000088700000|100%|HC|  |TAMS 0x0000000088600000, 0x0000000088700000| Complete 
|  85|0x0000000088700000, 0x0000000088700000, 0x0000000088800000|  0%| F|  |TAMS 0x0000000088700000, 0x0000000088700000| Untracked 
|  86|0x0000000088800000, 0x0000000088800000, 0x0000000088900000|  0%| F|  |TAMS 0x0000000088800000, 0x0000000088800000| Untracked 
|  87|0x0000000088900000, 0x0000000088900000, 0x0000000088a00000|  0%| F|  |TAMS 0x0000000088900000, 0x0000000088900000| Untracked 
|  88|0x0000000088a00000, 0x0000000088a00000, 0x0000000088b00000|  0%| F|  |TAMS 0x0000000088a00000, 0x0000000088a00000| Untracked 
|  89|0x0000000088b00000, 0x0000000088b00000, 0x0000000088c00000|  0%| F|  |TAMS 0x0000000088b00000, 0x0000000088b00000| Untracked 
|  90|0x0000000088c00000, 0x0000000088c00000, 0x0000000088d00000|  0%| F|  |TAMS 0x0000000088c00000, 0x0000000088c00000| Untracked 
|  91|0x0000000088d00000, 0x0000000088d00000, 0x0000000088e00000|  0%| F|  |TAMS 0x0000000088d00000, 0x0000000088d00000| Untracked 
|  92|0x0000000088e00000, 0x0000000088e00000, 0x0000000088f00000|  0%| F|  |TAMS 0x0000000088e00000, 0x0000000088e00000| Untracked 
|  93|0x0000000088f00000, 0x0000000088f00000, 0x0000000089000000|  0%| F|  |TAMS 0x0000000088f00000, 0x0000000088f00000| Untracked 
|  94|0x0000000089000000, 0x0000000089000000, 0x0000000089100000|  0%| F|  |TAMS 0x0000000089000000, 0x0000000089000000| Untracked 
|  95|0x0000000089100000, 0x0000000089100000, 0x0000000089200000|  0%| F|  |TAMS 0x0000000089100000, 0x0000000089100000| Untracked 
|  96|0x0000000089200000, 0x0000000089200000, 0x0000000089300000|  0%| F|  |TAMS 0x0000000089200000, 0x0000000089200000| Untracked 
|  97|0x0000000089300000, 0x0000000089300000, 0x0000000089400000|  0%| F|  |TAMS 0x0000000089300000, 0x0000000089300000| Untracked 
|  98|0x0000000089400000, 0x0000000089400000, 0x0000000089500000|  0%| F|  |TAMS 0x0000000089400000, 0x0000000089400000| Untracked 
|  99|0x0000000089500000, 0x0000000089500000, 0x0000000089600000|  0%| F|  |TAMS 0x0000000089500000, 0x0000000089500000| Untracked 
| 100|0x0000000089600000, 0x0000000089600000, 0x0000000089700000|  0%| F|  |TAMS 0x0000000089600000, 0x0000000089600000| Untracked 
| 101|0x0000000089700000, 0x00000000897d6be0, 0x0000000089800000| 83%| S|CS|TAMS 0x0000000089700000, 0x0000000089700000| Complete 
| 102|0x0000000089800000, 0x0000000089900000, 0x0000000089900000|100%| S|CS|TAMS 0x0000000089800000, 0x0000000089800000| Complete 
| 103|0x0000000089900000, 0x0000000089900000, 0x0000000089a00000|  0%| F|  |TAMS 0x0000000089900000, 0x0000000089900000| Untracked 
| 104|0x0000000089a00000, 0x0000000089a00000, 0x0000000089b00000|  0%| F|  |TAMS 0x0000000089a00000, 0x0000000089a00000| Untracked 
| 105|0x0000000089b00000, 0x0000000089b00000, 0x0000000089c00000|  0%| F|  |TAMS 0x0000000089b00000, 0x0000000089b00000| Untracked 
| 106|0x0000000089c00000, 0x0000000089c00000, 0x0000000089d00000|  0%| F|  |TAMS 0x0000000089c00000, 0x0000000089c00000| Untracked 
| 107|0x0000000089d00000, 0x0000000089d00000, 0x0000000089e00000|  0%| F|  |TAMS 0x0000000089d00000, 0x0000000089d00000| Untracked 
| 108|0x0000000089e00000, 0x0000000089e00000, 0x0000000089f00000|  0%| F|  |TAMS 0x0000000089e00000, 0x0000000089e00000| Untracked 
| 109|0x0000000089f00000, 0x0000000089f00000, 0x000000008a000000|  0%| F|  |TAMS 0x0000000089f00000, 0x0000000089f00000| Untracked 
| 110|0x000000008a000000, 0x000000008a000000, 0x000000008a100000|  0%| F|  |TAMS 0x000000008a000000, 0x000000008a000000| Untracked 
| 111|0x000000008a100000, 0x000000008a100000, 0x000000008a200000|  0%| F|  |TAMS 0x000000008a100000, 0x000000008a100000| Untracked 
| 112|0x000000008a200000, 0x000000008a200000, 0x000000008a300000|  0%| F|  |TAMS 0x000000008a200000, 0x000000008a200000| Untracked 
| 113|0x000000008a300000, 0x000000008a300000, 0x000000008a400000|  0%| F|  |TAMS 0x000000008a300000, 0x000000008a300000| Untracked 
| 114|0x000000008a400000, 0x000000008a400000, 0x000000008a500000|  0%| F|  |TAMS 0x000000008a400000, 0x000000008a400000| Untracked 
| 115|0x000000008a500000, 0x000000008a500000, 0x000000008a600000|  0%| F|  |TAMS 0x000000008a500000, 0x000000008a500000| Untracked 
| 116|0x000000008a600000, 0x000000008a600000, 0x000000008a700000|  0%| F|  |TAMS 0x000000008a600000, 0x000000008a600000| Untracked 
| 117|0x000000008a700000, 0x000000008a700000, 0x000000008a800000|  0%| F|  |TAMS 0x000000008a700000, 0x000000008a700000| Untracked 
| 118|0x000000008a800000, 0x000000008a800000, 0x000000008a900000|  0%| F|  |TAMS 0x000000008a800000, 0x000000008a800000| Untracked 
| 119|0x000000008a900000, 0x000000008a900000, 0x000000008aa00000|  0%| F|  |TAMS 0x000000008a900000, 0x000000008a900000| Untracked 
| 120|0x000000008aa00000, 0x000000008aa00000, 0x000000008ab00000|  0%| F|  |TAMS 0x000000008aa00000, 0x000000008aa00000| Untracked 
| 121|0x000000008ab00000, 0x000000008ab00000, 0x000000008ac00000|  0%| F|  |TAMS 0x000000008ab00000, 0x000000008ab00000| Untracked 
| 122|0x000000008ac00000, 0x000000008ac00000, 0x000000008ad00000|  0%| F|  |TAMS 0x000000008ac00000, 0x000000008ac00000| Untracked 
| 123|0x000000008ad00000, 0x000000008ad00000, 0x000000008ae00000|  0%| F|  |TAMS 0x000000008ad00000, 0x000000008ad00000| Untracked 
| 124|0x000000008ae00000, 0x000000008ae00000, 0x000000008af00000|  0%| F|  |TAMS 0x000000008ae00000, 0x000000008ae00000| Untracked 
| 125|0x000000008af00000, 0x000000008af00000, 0x000000008b000000|  0%| F|  |TAMS 0x000000008af00000, 0x000000008af00000| Untracked 
| 126|0x000000008b000000, 0x000000008b000000, 0x000000008b100000|  0%| F|  |TAMS 0x000000008b000000, 0x000000008b000000| Untracked 
| 127|0x000000008b100000, 0x000000008b100000, 0x000000008b200000|  0%| F|  |TAMS 0x000000008b100000, 0x000000008b100000| Untracked 
| 128|0x000000008b200000, 0x000000008b200000, 0x000000008b300000|  0%| F|  |TAMS 0x000000008b200000, 0x000000008b200000| Untracked 

Card table byte_map: [0x000001dc62420000,0x000001dc62810000] _byte_map_base: 0x000001dc62007000

Marking Bits (Prev, Next): (CMBitMap*) 0x000001dc554bef30, (CMBitMap*) 0x000001dc554bef70
 Prev Bits: [0x000001dc62c00000, 0x000001dc64b38000)
 Next Bits: [0x000001dc64b40000, 0x000001dc66a78000)

Polling page: 0x000001dc5e720000

Metaspace:

Usage:
  Non-class:     53.75 MB used.
      Class:      8.63 MB used.
       Both:     62.39 MB used.

Virtual space:
  Non-class space:       64.00 MB reserved,      54.00 MB ( 84%) committed,  1 nodes.
      Class space:        1.00 GB reserved,       8.88 MB ( <1%) committed,  1 nodes.
             Both:        1.06 GB reserved,      62.88 MB (  6%) committed. 

Chunk freelists:
   Non-Class:  9.89 MB
       Class:  7.14 MB
        Both:  17.03 MB

MaxMetaspaceSize: unlimited
CompressedClassSpaceSize: 1.00 GB
Initial GC threshold: 21.00 MB
Current GC threshold: 101.69 MB
CDS: on
MetaspaceReclaimPolicy: balanced
 - commit_granule_bytes: 65536.
 - commit_granule_words: 8192.
 - virtual_space_node_default_size: 8388608.
 - enlarge_chunks_in_place: 1.
 - new_chunks_are_fully_committed: 0.
 - uncommit_free_chunks: 1.
 - use_allocation_guard: 0.
 - handle_deallocations: 1.


Internal statistics:

num_allocs_failed_limit: 11.
num_arena_births: 878.
num_arena_deaths: 192.
num_vsnodes_births: 2.
num_vsnodes_deaths: 0.
num_space_committed: 1006.
num_space_uncommitted: 0.
num_chunks_returned_to_freelist: 230.
num_chunks_taken_from_freelist: 3249.
num_chunk_merges: 79.
num_chunk_splits: 2222.
num_chunks_enlarged: 1691.
num_inconsistent_stats: 0.

CodeCache: size=49152Kb used=12994Kb max_used=14610Kb free=36157Kb
 bounds [0x000001dc5e740000, 0x000001dc5f590000, 0x000001dc61740000]
 total_blobs=8018 nmethods=7301 adapters=643
 compilation: enabled
              stopped_count=0, restarted_count=0
 full_count=0

Compilation events (20 events):
Event: 106.427 Thread 0x000001dc6913fc90 7289   !   1       sun.nio.ch.SelectorImpl::lockAndDoSelect (87 bytes)
Event: 106.429 Thread 0x000001dc6913fc90 nmethod 7289 0x000001dc5f528190 code [0x000001dc5f528380, 0x000001dc5f5287e8]
Event: 106.429 Thread 0x000001dc6913fc90 7290   !   1       sun.nio.ch.WEPollSelectorImpl::doSelect (107 bytes)
Event: 106.430 Thread 0x000001dc6913fc90 nmethod 7290 0x000001dc5f527910 code [0x000001dc5f527b00, 0x000001dc5f527e78]
Event: 106.431 Thread 0x000001dc6913fc90 7292       1       sun.nio.ch.SelectorImpl::begin (9 bytes)
Event: 106.431 Thread 0x000001dc6913fc90 nmethod 7292 0x000001dc5f527610 code [0x000001dc5f5277a0, 0x000001dc5f527888]
Event: 114.697 Thread 0x000001dc6913fc90 7294       1       java.util.concurrent.locks.AbstractQueuedSynchronizer$ConditionObject::signal (34 bytes)
Event: 114.698 Thread 0x000001dc6913fc90 nmethod 7294 0x000001dc5f527190 code [0x000001dc5f527340, 0x000001dc5f527508]
Event: 116.072 Thread 0x000001dc6913fc90 7295       1       org.apache.catalina.LifecycleState::isAvailable (5 bytes)
Event: 116.072 Thread 0x000001dc6913fc90 nmethod 7295 0x000001dc5f526e90 code [0x000001dc5f527020, 0x000001dc5f5270f8]
Event: 117.514 Thread 0x000001dc6913fc90 7296       1       jdk.internal.misc.Unsafe::getAndSetLong (24 bytes)
Event: 117.515 Thread 0x000001dc6913fc90 nmethod 7296 0x000001dc5f526b10 code [0x000001dc5f526ca0, 0x000001dc5f526db8]
Event: 123.562 Thread 0x000001dc6913fc90 7298       1       sun.nio.ch.WEPollSelectorImpl::processEvents (152 bytes)
Event: 123.565 Thread 0x000001dc6913fc90 nmethod 7298 0x000001dc5f525d10 code [0x000001dc5f525f00, 0x000001dc5f5263e8]
Event: 123.565 Thread 0x000001dc6913fc90 7299       1       java.util.concurrent.atomic.AtomicLong::set (12 bytes)
Event: 123.566 Thread 0x000001dc6913fc90 nmethod 7299 0x000001dc5f525a10 code [0x000001dc5f525ba0, 0x000001dc5f525c78]
Event: 123.566 Thread 0x000001dc6913fc90 7300       1       java.nio.channels.spi.AbstractSelector::begin (48 bytes)
Event: 123.567 Thread 0x000001dc6913fc90 nmethod 7300 0x000001dc5f525290 code [0x000001dc5f525440, 0x000001dc5f525828]
Event: 125.055 Thread 0x000001dc6913fc90 7301       1       java.util.Date::<init> (8 bytes)
Event: 125.056 Thread 0x000001dc6913fc90 nmethod 7301 0x000001dc5f524f90 code [0x000001dc5f525120, 0x000001dc5f5251f8]

GC Heap History (20 events):
Event: 8.178 GC heap after
{Heap after GC invocations=17 (full 0):
 garbage-first heap   total 61440K, used 27282K [0x0000000083200000, 0x0000000100000000)
  region size 1024K, 3 young (3072K), 3 survivors (3072K)
 Metaspace       used 45877K, committed 46400K, reserved 1114112K
  class space    used 6310K, committed 6592K, reserved 1048576K
}
Event: 8.458 GC heap before
{Heap before GC invocations=17 (full 0):
 garbage-first heap   total 61440K, used 48786K [0x0000000083200000, 0x0000000100000000)
  region size 1024K, 24 young (24576K), 3 survivors (3072K)
 Metaspace       used 46775K, committed 47296K, reserved 1114112K
  class space    used 6443K, committed 6720K, reserved 1048576K
}
Event: 8.463 GC heap after
{Heap after GC invocations=18 (full 0):
 garbage-first heap   total 73728K, used 28204K [0x0000000083200000, 0x0000000100000000)
  region size 1024K, 3 young (3072K), 3 survivors (3072K)
 Metaspace       used 46775K, committed 47296K, reserved 1114112K
  class space    used 6443K, committed 6720K, reserved 1048576K
}
Event: 16.329 GC heap before
{Heap before GC invocations=18 (full 0):
 garbage-first heap   total 73728K, used 57900K [0x0000000083200000, 0x0000000100000000)
  region size 1024K, 32 young (32768K), 3 survivors (3072K)
 Metaspace       used 50906K, committed 51456K, reserved 1114112K
  class space    used 7038K, committed 7296K, reserved 1048576K
}
Event: 16.337 GC heap after
{Heap after GC invocations=19 (full 0):
 garbage-first heap   total 73728K, used 29981K [0x0000000083200000, 0x0000000100000000)
  region size 1024K, 3 young (3072K), 3 survivors (3072K)
 Metaspace       used 50906K, committed 51456K, reserved 1114112K
  class space    used 7038K, committed 7296K, reserved 1048576K
}
Event: 17.934 GC heap before
{Heap before GC invocations=19 (full 0):
 garbage-first heap   total 73728K, used 62749K [0x0000000083200000, 0x0000000100000000)
  region size 1024K, 31 young (31744K), 3 survivors (3072K)
 Metaspace       used 59698K, committed 60352K, reserved 1114112K
  class space    used 8167K, committed 8448K, reserved 1048576K
}
Event: 17.944 GC heap after
{Heap after GC invocations=20 (full 0):
 garbage-first heap   total 73728K, used 37890K [0x0000000083200000, 0x0000000100000000)
  region size 1024K, 4 young (4096K), 4 survivors (4096K)
 Metaspace       used 59698K, committed 60352K, reserved 1114112K
  class space    used 8167K, committed 8448K, reserved 1048576K
}
Event: 18.013 GC heap before
{Heap before GC invocations=20 (full 0):
 garbage-first heap   total 73728K, used 38914K [0x0000000083200000, 0x0000000100000000)
  region size 1024K, 6 young (6144K), 4 survivors (4096K)
 Metaspace       used 60006K, committed 60608K, reserved 1114112K
  class space    used 8230K, committed 8512K, reserved 1048576K
}
Event: 18.021 GC heap after
{Heap after GC invocations=21 (full 0):
 garbage-first heap   total 73728K, used 38758K [0x0000000083200000, 0x0000000100000000)
  region size 1024K, 1 young (1024K), 1 survivors (1024K)
 Metaspace       used 60006K, committed 60608K, reserved 1114112K
  class space    used 8230K, committed 8512K, reserved 1048576K
}
Event: 18.530 GC heap before
{Heap before GC invocations=22 (full 0):
 garbage-first heap   total 78848K, used 71526K [0x0000000083200000, 0x0000000100000000)
  region size 1024K, 14 young (14336K), 1 survivors (1024K)
 Metaspace       used 61365K, committed 62016K, reserved 1114112K
  class space    used 8503K, committed 8832K, reserved 1048576K
}
Event: 18.533 GC heap after
{Heap after GC invocations=23 (full 0):
 garbage-first heap   total 78848K, used 60154K [0x0000000083200000, 0x0000000100000000)
  region size 1024K, 2 young (2048K), 2 survivors (2048K)
 Metaspace       used 61365K, committed 62016K, reserved 1114112K
  class space    used 8503K, committed 8832K, reserved 1048576K
}
Event: 18.576 GC heap before
{Heap before GC invocations=23 (full 0):
 garbage-first heap   total 78848K, used 66298K [0x0000000083200000, 0x0000000100000000)
  region size 1024K, 3 young (3072K), 2 survivors (2048K)
 Metaspace       used 61570K, committed 62208K, reserved 1114112K
  class space    used 8525K, committed 8832K, reserved 1048576K
}
Event: 18.582 GC heap after
{Heap after GC invocations=24 (full 0):
 garbage-first heap   total 78848K, used 65403K [0x0000000083200000, 0x0000000100000000)
  region size 1024K, 1 young (1024K), 1 survivors (1024K)
 Metaspace       used 61570K, committed 62208K, reserved 1114112K
  class space    used 8525K, committed 8832K, reserved 1048576K
}
Event: 18.603 GC heap before
{Heap before GC invocations=24 (full 0):
 garbage-first heap   total 78848K, used 65403K [0x0000000083200000, 0x0000000100000000)
  region size 1024K, 2 young (2048K), 1 survivors (1024K)
 Metaspace       used 61659K, committed 62272K, reserved 1114112K
  class space    used 8533K, committed 8832K, reserved 1048576K
}
Event: 18.606 GC heap after
{Heap after GC invocations=25 (full 0):
 garbage-first heap   total 78848K, used 65412K [0x0000000083200000, 0x0000000100000000)
  region size 1024K, 1 young (1024K), 1 survivors (1024K)
 Metaspace       used 61659K, committed 62272K, reserved 1114112K
  class space    used 8533K, committed 8832K, reserved 1048576K
}
Event: 18.773 GC heap before
{Heap before GC invocations=26 (full 0):
 garbage-first heap   total 132096K, used 82820K [0x0000000083200000, 0x0000000100000000)
  region size 1024K, 3 young (3072K), 1 survivors (1024K)
 Metaspace       used 61684K, committed 62464K, reserved 1114112K
  class space    used 8519K, committed 8832K, reserved 1048576K
}
Event: 18.777 GC heap after
{Heap after GC invocations=27 (full 0):
 garbage-first heap   total 132096K, used 81374K [0x0000000083200000, 0x0000000100000000)
  region size 1024K, 1 young (1024K), 1 survivors (1024K)
 Metaspace       used 61684K, committed 62464K, reserved 1114112K
  class space    used 8519K, committed 8832K, reserved 1048576K
}
Event: 18.996 GC heap before
{Heap before GC invocations=27 (full 0):
 garbage-first heap   total 132096K, used 85470K [0x0000000083200000, 0x0000000100000000)
  region size 1024K, 6 young (6144K), 1 survivors (1024K)
 Metaspace       used 62575K, committed 63104K, reserved 1114112K
  class space    used 8629K, committed 8896K, reserved 1048576K
}
Event: 19.002 GC heap after
{Heap after GC invocations=28 (full 0):
 garbage-first heap   total 132096K, used 81382K [0x0000000083200000, 0x0000000100000000)
  region size 1024K, 1 young (1024K), 1 survivors (1024K)
 Metaspace       used 62575K, committed 63104K, reserved 1114112K
  class space    used 8629K, committed 8896K, reserved 1048576K
}
Event: 126.182 GC heap before
{Heap before GC invocations=28 (full 0):
 garbage-first heap   total 132096K, used 105958K [0x0000000083200000, 0x0000000100000000)
  region size 1024K, 26 young (26624K), 1 survivors (1024K)
 Metaspace       used 63882K, committed 64384K, reserved 1114112K
  class space    used 8839K, committed 9088K, reserved 1048576K
}

Dll operation events (14 events):
Event: 0.027 Loaded shared library D:\eclipse down\bin\java.dll
Event: 0.055 Loaded shared library D:\eclipse down\bin\jsvml.dll
Event: 0.277 Loaded shared library D:\eclipse down\bin\zip.dll
Event: 0.282 Loaded shared library D:\eclipse down\bin\instrument.dll
Event: 0.287 Loaded shared library D:\eclipse down\bin\net.dll
Event: 0.290 Loaded shared library D:\eclipse down\bin\nio.dll
Event: 0.293 Loaded shared library D:\eclipse down\bin\zip.dll
Event: 0.403 Loaded shared library D:\intellij\IntelliJ IDEA 2023.3.6\bin\breakgen64.dll
Event: 0.409 Loaded shared library D:\eclipse down\bin\jimage.dll
Event: 0.421 Loaded shared library D:\eclipse down\bin\extnet.dll
Event: 0.452 Loaded shared library D:\eclipse down\bin\management.dll
Event: 0.468 Loaded shared library D:\eclipse down\bin\management_ext.dll
Event: 3.425 Loaded shared library D:\eclipse down\bin\sunmscapi.dll
Event: 4.958 Loading shared library D:\spring_project_file\tomcat_32\apache-tomcat-10.1.20\bin\tcnative-2.dll failed, error code 193

Deoptimization events (20 events):
Event: 5.240 Thread 0x000001dc6e6db900 DEOPT PACKING pc=0x000001dc5f033ba5 sp=0x0000000fa4afab80
Event: 5.240 Thread 0x000001dc6e6db900 DEOPT UNPACKING pc=0x000001dc5e797143 sp=0x0000000fa4afa128 mode 0
Event: 5.240 Thread 0x000001dc6e6db900 DEOPT PACKING pc=0x000001dc5f081b2c sp=0x0000000fa4afad10
Event: 5.240 Thread 0x000001dc6e6db900 DEOPT UNPACKING pc=0x000001dc5e797143 sp=0x0000000fa4afa230 mode 0
Event: 5.240 Thread 0x000001dc6e6db900 DEOPT PACKING pc=0x000001dc5f09b9c4 sp=0x0000000fa4afb0c0
Event: 5.241 Thread 0x000001dc6e6db900 DEOPT UNPACKING pc=0x000001dc5e797143 sp=0x0000000fa4afa598 mode 0
Event: 5.246 Thread 0x000001dc6e6db900 DEOPT PACKING pc=0x000001dc5f0888f4 sp=0x0000000fa4afb440
Event: 5.246 Thread 0x000001dc6e6db900 DEOPT UNPACKING pc=0x000001dc5e797143 sp=0x0000000fa4afa978 mode 0
Event: 6.455 Thread 0x000001dc6e6db900 DEOPT PACKING pc=0x000001dc5f057c52 sp=0x0000000fa4afa830
Event: 6.455 Thread 0x000001dc6e6db900 DEOPT UNPACKING pc=0x000001dc5e797143 sp=0x0000000fa4af9e50 mode 0
Event: 6.455 Thread 0x000001dc6e6db900 DEOPT PACKING pc=0x000001dc5f056154 sp=0x0000000fa4afaa60
Event: 6.455 Thread 0x000001dc6e6db900 DEOPT UNPACKING pc=0x000001dc5e797143 sp=0x0000000fa4afa080 mode 0
Event: 6.455 Thread 0x000001dc6e6db900 DEOPT PACKING pc=0x000001dc5f0e45e4 sp=0x0000000fa4afae10
Event: 6.455 Thread 0x000001dc6e6db900 DEOPT UNPACKING pc=0x000001dc5e797143 sp=0x0000000fa4afa398 mode 0
Event: 7.075 Thread 0x000001dc6e6db900 DEOPT PACKING pc=0x000001dc5f16f124 sp=0x0000000fa4afbf20
Event: 7.075 Thread 0x000001dc6e6db900 DEOPT UNPACKING pc=0x000001dc5e797143 sp=0x0000000fa4afb478 mode 0
Event: 7.754 Thread 0x000001dc6e6db900 DEOPT PACKING pc=0x000001dc5ed514a2 sp=0x0000000fa4afd560
Event: 7.754 Thread 0x000001dc6e6db900 DEOPT UNPACKING pc=0x000001dc5e797143 sp=0x0000000fa4afca68 mode 3
Event: 7.755 Thread 0x000001dc6e6db900 DEOPT PACKING pc=0x000001dc5ed46115 sp=0x0000000fa4afd520
Event: 7.755 Thread 0x000001dc6e6db900 DEOPT UNPACKING pc=0x000001dc5e797143 sp=0x0000000fa4afca68 mode 3

Classes unloaded (20 events):
Event: 18.694 Thread 0x000001dc69110790 Unloading class 0x000001dc010e5000 'java/lang/invoke/LambdaForm$MH+0x000001dc010e5000'
Event: 18.694 Thread 0x000001dc69110790 Unloading class 0x000001dc010e4c00 'java/lang/invoke/LambdaForm$MH+0x000001dc010e4c00'
Event: 18.695 Thread 0x000001dc69110790 Unloading class 0x000001dc010e4800 'java/lang/invoke/LambdaForm$MH+0x000001dc010e4800'
Event: 18.695 Thread 0x000001dc69110790 Unloading class 0x000001dc010e4400 'java/lang/invoke/LambdaForm$MH+0x000001dc010e4400'
Event: 18.695 Thread 0x000001dc69110790 Unloading class 0x000001dc010e4000 'java/lang/invoke/LambdaForm$MH+0x000001dc010e4000'
Event: 18.695 Thread 0x000001dc69110790 Unloading class 0x000001dc010d2800 'java/lang/invoke/LambdaForm$MH+0x000001dc010d2800'
Event: 18.695 Thread 0x000001dc69110790 Unloading class 0x000001dc010d2400 'java/lang/invoke/LambdaForm$MH+0x000001dc010d2400'
Event: 18.695 Thread 0x000001dc69110790 Unloading class 0x000001dc010d2000 'java/lang/invoke/LambdaForm$MH+0x000001dc010d2000'
Event: 18.695 Thread 0x000001dc69110790 Unloading class 0x000001dc010d1c00 'java/lang/invoke/LambdaForm$MH+0x000001dc010d1c00'
Event: 18.695 Thread 0x000001dc69110790 Unloading class 0x000001dc010d1800 'java/lang/invoke/LambdaForm$MH+0x000001dc010d1800'
Event: 18.695 Thread 0x000001dc69110790 Unloading class 0x000001dc010d1400 'java/lang/invoke/LambdaForm$MH+0x000001dc010d1400'
Event: 18.695 Thread 0x000001dc69110790 Unloading class 0x000001dc010d0c00 'java/lang/invoke/LambdaForm$MH+0x000001dc010d0c00'
Event: 18.695 Thread 0x000001dc69110790 Unloading class 0x000001dc010d0800 'java/lang/invoke/LambdaForm$MH+0x000001dc010d0800'
Event: 18.695 Thread 0x000001dc69110790 Unloading class 0x000001dc010c0800 'jdk/internal/reflect/GeneratedSerializationConstructorAccessor3'
Event: 18.695 Thread 0x000001dc69110790 Unloading class 0x000001dc01009000 'java/lang/invoke/LambdaForm$DMH+0x000001dc01009000'
Event: 18.695 Thread 0x000001dc69110790 Unloading class 0x000001dc01008800 'java/lang/invoke/LambdaForm$DMH+0x000001dc01008800'
Event: 18.695 Thread 0x000001dc69110790 Unloading class 0x000001dc01007c00 'jdk/internal/reflect/GeneratedConstructorAccessor1'
Event: 18.695 Thread 0x000001dc69110790 Unloading class 0x000001dc01005000 'java/lang/invoke/LambdaForm$MH+0x000001dc01005000'
Event: 18.695 Thread 0x000001dc69110790 Unloading class 0x000001dc01004c00 'java/lang/invoke/LambdaForm$MH+0x000001dc01004c00'
Event: 18.695 Thread 0x000001dc69110790 Unloading class 0x000001dc01004400 'java/lang/invoke/LambdaForm$MH+0x000001dc01004400'

Classes redefined (0 events):
No events

Internal exceptions (20 events):
Event: 16.658 Thread 0x000001dc6fb1adf0 Exception <a 'java/lang/NoSuchMethodError'{0x0000000089c564e0}: 'java.lang.Object java.lang.invoke.DirectMethodHandle$Holder.newInvokeSpecial(java.lang.Object, java.lang.Object, int, java.lang.Object)'> (0x0000000089c564e0) 
thrown [s\src\hotspot\share\interpreter\linkResolver.cpp, line 759]
Event: 16.658 Thread 0x000001dc6fb1adf0 Exception <a 'java/lang/NoSuchMethodError'{0x0000000089c5a0a8}: 'java.lang.Object java.lang.invoke.Invokers$Holder.linkToTargetMethod(java.lang.Object, int, java.lang.Object, java.lang.Object)'> (0x0000000089c5a0a8) 
thrown [s\src\hotspot\share\interpreter\linkResolver.cpp, line 759]
Event: 16.993 Thread 0x000001dc6fb18f90 Exception <a 'java/lang/NoSuchMethodError'{0x0000000086e72c28}: 'java.lang.Object java.lang.invoke.DirectMethodHandle$Holder.invokeStatic(java.lang.Object, java.lang.Object, java.lang.Object, int, java.lang.Object, java.lang.Object)'> (0x0000000086e72c28) 
thrown [s\src\hotspot\share\interpreter\linkResolver.cpp, line 759]
Event: 16.995 Thread 0x000001dc6fb194a0 Exception <a 'java/lang/NoSuchMethodError'{0x0000000086e880b8}: 'java.lang.Object java.lang.invoke.Invokers$Holder.linkToTargetMethod(java.lang.Object, int, java.lang.Object, java.lang.Object, java.lang.Object, java.lang.Object)'> (0x0000000086e880b8) 
thrown [s\src\hotspot\share\interpreter\linkResolver.cpp, line 759]
Event: 17.003 Thread 0x000001dc6fb18f90 Exception <a 'java/lang/NoSuchMethodError'{0x0000000086eaf320}: 'java.lang.Object java.lang.invoke.DirectMethodHandle$Holder.newInvokeSpecial(java.lang.Object, java.lang.Object, java.lang.Object, java.lang.Object, int, java.lang.Object)'> (0x0000000086eaf320) 
thrown [s\src\hotspot\share\interpreter\linkResolver.cpp, line 759]
Event: 17.003 Thread 0x000001dc6fb18f90 Exception <a 'java/lang/NoSuchMethodError'{0x0000000086eb3410}: 'java.lang.Object java.lang.invoke.DirectMethodHandle$Holder.invokeSpecial(java.lang.Object, java.lang.Object, java.lang.Object, java.lang.Object, java.lang.Object, int, java.lang.Object)'> (0x0000000086eb3410) 
thrown [s\src\hotspot\share\interpreter\linkResolver.cpp, line 759]
Event: 17.003 Thread 0x000001dc6fb18f90 Exception <a 'java/lang/NoSuchMethodError'{0x0000000086eb6d40}: 'java.lang.Object java.lang.invoke.Invokers$Holder.linkToTargetMethod(java.lang.Object, java.lang.Object, java.lang.Object, int, java.lang.Object, java.lang.Object)'> (0x0000000086eb6d40) 
thrown [s\src\hotspot\share\interpreter\linkResolver.cpp, line 759]
Event: 17.018 Thread 0x000001dc6fb18f90 Exception <a 'java/lang/NoSuchMethodError'{0x0000000086d05288}: 'void java.lang.invoke.DirectMethodHandle$Holder.invokeStatic(java.lang.Object, int)'> (0x0000000086d05288) 
thrown [s\src\hotspot\share\interpreter\linkResolver.cpp, line 759]
Event: 17.018 Thread 0x000001dc6fb18f90 Exception <a 'java/lang/NoSuchMethodError'{0x0000000086d08990}: 'void java.lang.invoke.DirectMethodHandle$Holder.invokeStaticInit(java.lang.Object, int)'> (0x0000000086d08990) 
thrown [s\src\hotspot\share\interpreter\linkResolver.cpp, line 759]
Event: 17.019 Thread 0x000001dc6fb18f90 Exception <a 'java/lang/NoSuchMethodError'{0x0000000086d0e4a0}: 'void java.lang.invoke.DirectMethodHandle$Holder.invokeSpecial(java.lang.Object, java.lang.Object, int)'> (0x0000000086d0e4a0) 
thrown [s\src\hotspot\share\interpreter\linkResolver.cpp, line 759]
Event: 17.072 Thread 0x000001dc6fb18f90 Exception <a 'java/lang/NoSuchMethodError'{0x0000000086ca1ec0}: 'java.lang.Object java.lang.invoke.DirectMethodHandle$Holder.newInvokeSpecial(java.lang.Object, java.lang.Object, java.lang.Object, java.lang.Object, int, java.lang.Object, java.lang.Object, int, java.lang.Object)'> (0x0000000086ca1ec0) 
thrown [s\src\hotspot\share\interpreter\linkResolver.cpp, line 759]
Event: 17.151 Thread 0x000001dc6fb18f90 Exception <a 'java/lang/NoSuchMethodError'{0x0000000086986648}: 'void java.lang.invoke.DirectMethodHandle$Holder.invokeStaticInit(java.lang.Object)'> (0x0000000086986648) 
thrown [s\src\hotspot\share\interpreter\linkResolver.cpp, line 759]
Event: 17.235 Thread 0x000001dc6fb18f90 Exception <a 'sun/nio/fs/WindowsException'{0x000000008674d890}> (0x000000008674d890) 
thrown [s\src\hotspot\share\prims\jni.cpp, line 516]
Event: 17.957 Thread 0x000001dc6fb18f90 Exception <a 'java/lang/NoSuchMethodError'{0x000000008af447b8}: 'java.lang.Object java.lang.invoke.DirectMethodHandle$Holder.invokeStatic(java.lang.Object, java.lang.Object, int, java.lang.Object, java.lang.Object, java.lang.Object)'> (0x000000008af447b8) 
thrown [s\src\hotspot\share\interpreter\linkResolver.cpp, line 759]
Event: 17.989 Thread 0x000001dc6fb18f90 Exception <a 'java/lang/NoSuchMethodError'{0x000000008afb0df0}: 'java.lang.Object java.lang.invoke.DirectMethodHandle$Holder.invokeStatic(java.lang.Object, int, java.lang.Object)'> (0x000000008afb0df0) 
thrown [s\src\hotspot\share\interpreter\linkResolver.cpp, line 759]
Event: 18.173 Thread 0x000001dc6fb18f90 Exception <a 'java/lang/IncompatibleClassChangeError'{0x0000000089f5e308}: Found class java.lang.Object, but interface was expected> (0x0000000089f5e308) 
thrown [s\src\hotspot\share\interpreter\linkResolver.cpp, line 826]
Event: 18.174 Thread 0x000001dc6fb18f90 Exception <a 'java/lang/NoSuchMethodError'{0x0000000089f65480}: 'java.lang.Object java.lang.invoke.DirectMethodHandle$Holder.newInvokeSpecial(java.lang.Object, int, java.lang.Object, java.lang.Object)'> (0x0000000089f65480) 
thrown [s\src\hotspot\share\interpreter\linkResolver.cpp, line 759]
Event: 18.204 Thread 0x000001dc6fb18f90 Exception <a 'java/lang/NoSuchMethodError'{0x0000000089e13f90}: 'java.lang.Object java.lang.invoke.DirectMethodHandle$Holder.invokeVirtual(java.lang.Object, java.lang.Object, java.lang.Object, java.lang.Object, java.lang.Object)'> (0x0000000089e13f90) 
thrown [s\src\hotspot\share\interpreter\linkResolver.cpp, line 759]
Event: 18.943 Thread 0x000001dc6fb1e090 Exception <a 'java/lang/IncompatibleClassChangeError'{0x000000008ad378e8}: Found class java.lang.Object, but interface was expected> (0x000000008ad378e8) 
thrown [s\src\hotspot\share\interpreter\linkResolver.cpp, line 826]
Event: 19.477 Thread 0x000001dc6e7dc330 Exception <a 'java/lang/reflect/InvocationTargetException'{0x000000008a98bbf0}> (0x000000008a98bbf0) 
thrown [s\src\hotspot\share\runtime\reflection.cpp, line 1121]

VM Operations (20 events):
Event: 19.002 Executing VM operation: G1CollectForAllocation done
Event: 19.373 Executing VM operation: HandshakeAllThreads
Event: 19.373 Executing VM operation: HandshakeAllThreads done
Event: 19.474 Executing VM operation: HandshakeAllThreads
Event: 19.475 Executing VM operation: HandshakeAllThreads done
Event: 19.555 Executing VM operation: HandshakeAllThreads
Event: 19.555 Executing VM operation: HandshakeAllThreads done
Event: 20.570 Executing VM operation: Cleanup
Event: 20.570 Executing VM operation: Cleanup done
Event: 29.628 Executing VM operation: Cleanup
Event: 29.628 Executing VM operation: Cleanup done
Event: 54.755 Executing VM operation: Cleanup
Event: 54.755 Executing VM operation: Cleanup done
Event: 56.769 Executing VM operation: Cleanup
Event: 56.769 Executing VM operation: Cleanup done
Event: 60.043 Executing VM operation: HandshakeAllThreads
Event: 60.043 Executing VM operation: HandshakeAllThreads done
Event: 66.087 Executing VM operation: Cleanup
Event: 66.087 Executing VM operation: Cleanup done
Event: 126.182 Executing VM operation: G1CollectForAllocation

Events (20 events):
Event: 19.465 loading class java/util/function/IntBinaryOperator done
Event: 19.466 loading class java/util/stream/ReduceOps$7
Event: 19.466 loading class java/util/stream/ReduceOps$7 done
Event: 19.466 loading class java/util/stream/ReduceOps$6ReducingSink
Event: 19.467 loading class java/util/stream/ReduceOps$6ReducingSink done
Event: 19.467 loading class java/util/stream/ReferencePipeline$4$1
Event: 19.467 loading class java/util/stream/ReferencePipeline$4$1 done
Event: 19.469 loading class sun/security/ssl/Alert$AlertMessage
Event: 19.470 loading class sun/security/ssl/Alert$AlertMessage done
Event: 19.537 loading class java/lang/Throwable$WrappedPrintWriter
Event: 19.537 loading class java/lang/Throwable$WrappedPrintWriter done
Event: 19.596 loading class java/util/stream/LongStream
Event: 19.598 loading class java/util/stream/LongStream done
Event: 19.598 loading class java/util/stream/DoubleStream
Event: 19.599 loading class java/util/stream/DoubleStream done
Event: 29.034 Thread 0x000001dc6e437030 Thread exited: 0x000001dc6e437030
Event: 34.042 Thread 0x000001dc6f919030 Thread exited: 0x000001dc6f919030
Event: 34.042 Thread 0x000001dc6e3fc820 Thread exited: 0x000001dc6e3fc820
Event: 71.284 Thread 0x000001dc6e5445a0 Thread exited: 0x000001dc6e5445a0
Event: 91.262 Thread 0x000001dc6fb1cc50 Thread exited: 0x000001dc6fb1cc50


Dynamic libraries:
0x00007ff64dba0000 - 0x00007ff64dbae000 	D:\eclipse down\bin\java.exe
0x00007ffef0290000 - 0x00007ffef0488000 	C:\WINDOWS\SYSTEM32\ntdll.dll
0x00007ffeefd40000 - 0x00007ffeefe01000 	C:\WINDOWS\System32\KERNEL32.DLL
0x00007ffeedad0000 - 0x00007ffeeddcd000 	C:\WINDOWS\System32\KERNELBASE.dll
0x00007ffeee1c0000 - 0x00007ffeee2c0000 	C:\WINDOWS\System32\ucrtbase.dll
0x00007ffee79d0000 - 0x00007ffee79e7000 	D:\eclipse down\bin\jli.dll
0x00007ffee5bc0000 - 0x00007ffee5bdb000 	D:\eclipse down\bin\VCRUNTIME140.dll
0x00007ffeef140000 - 0x00007ffeef2dd000 	C:\WINDOWS\System32\USER32.dll
0x00007ffeedfc0000 - 0x00007ffeedfe2000 	C:\WINDOWS\System32\win32u.dll
0x00007ffeee2c0000 - 0x00007ffeee2eb000 	C:\WINDOWS\System32\GDI32.dll
0x00007ffecea30000 - 0x00007ffececca000 	C:\WINDOWS\WinSxS\amd64_microsoft.windows.common-controls_6595b64144ccf1df_6.0.19041.4355_none_60b8b9eb71f62e16\COMCTL32.dll
0x00007ffeee0a0000 - 0x00007ffeee1b7000 	C:\WINDOWS\System32\gdi32full.dll
0x00007ffeeead0000 - 0x00007ffeeeb6e000 	C:\WINDOWS\System32\msvcrt.dll
0x00007ffeed940000 - 0x00007ffeed9dd000 	C:\WINDOWS\System32\msvcp_win.dll
0x00007ffeeecc0000 - 0x00007ffeeecef000 	C:\WINDOWS\System32\IMM32.DLL
0x00007ffee79b0000 - 0x00007ffee79bc000 	D:\eclipse down\bin\vcruntime140_1.dll
0x00007ffee4bf0000 - 0x00007ffee4c7e000 	D:\eclipse down\bin\msvcp140.dll
0x00007ffeb2e90000 - 0x00007ffeb3af4000 	D:\eclipse down\bin\server\jvm.dll
0x00007ffef0050000 - 0x00007ffef0100000 	C:\WINDOWS\System32\ADVAPI32.dll
0x00007ffeeefc0000 - 0x00007ffeef060000 	C:\WINDOWS\System32\sechost.dll
0x00007ffeeeb90000 - 0x00007ffeeecb3000 	C:\WINDOWS\System32\RPCRT4.dll
0x00007ffeeda50000 - 0x00007ffeeda77000 	C:\WINDOWS\System32\bcrypt.dll
0x00007ffeed790000 - 0x00007ffeed7db000 	C:\WINDOWS\SYSTEM32\POWRPROF.dll
0x00007ffed7a70000 - 0x00007ffed7a97000 	C:\WINDOWS\SYSTEM32\WINMM.dll
0x00007ffedb280000 - 0x00007ffedb289000 	C:\WINDOWS\SYSTEM32\WSOCK32.dll
0x00007ffee66a0000 - 0x00007ffee66aa000 	C:\WINDOWS\SYSTEM32\VERSION.dll
0x00007ffeefb40000 - 0x00007ffeefbab000 	C:\WINDOWS\System32\WS2_32.dll
0x00007ffeed770000 - 0x00007ffeed782000 	C:\WINDOWS\SYSTEM32\UMPDC.dll
0x00007ffeec3f0000 - 0x00007ffeec402000 	C:\WINDOWS\SYSTEM32\kernel.appcore.dll
0x00007ffee7920000 - 0x00007ffee792a000 	D:\eclipse down\bin\jimage.dll
0x00007ffeebd00000 - 0x00007ffeebee4000 	C:\WINDOWS\SYSTEM32\DBGHELP.DLL
0x00007ffeebca0000 - 0x00007ffeebcd4000 	C:\WINDOWS\SYSTEM32\dbgcore.DLL
0x00007ffeeddd0000 - 0x00007ffeede52000 	C:\WINDOWS\System32\bcryptPrimitives.dll
0x00007ffee5bb0000 - 0x00007ffee5bbe000 	D:\eclipse down\bin\instrument.dll
0x00007ffee4fe0000 - 0x00007ffee5005000 	D:\eclipse down\bin\java.dll
0x00007ffeb5990000 - 0x00007ffeb5a67000 	D:\eclipse down\bin\jsvml.dll
0x00007ffeef3d0000 - 0x00007ffeefb3f000 	C:\WINDOWS\System32\SHELL32.dll
0x00007ffeeb270000 - 0x00007ffeeba13000 	C:\WINDOWS\SYSTEM32\windows.storage.dll
0x00007ffeee770000 - 0x00007ffeeeac3000 	C:\WINDOWS\System32\combase.dll
0x00007ffeed1c0000 - 0x00007ffeed1ee000 	C:\WINDOWS\SYSTEM32\Wldp.dll
0x00007ffeefec0000 - 0x00007ffeeff8d000 	C:\WINDOWS\System32\OLEAUT32.dll
0x00007ffef0100000 - 0x00007ffef01ad000 	C:\WINDOWS\System32\SHCORE.dll
0x00007ffeefce0000 - 0x00007ffeefd35000 	C:\WINDOWS\System32\shlwapi.dll
0x00007ffeed870000 - 0x00007ffeed894000 	C:\WINDOWS\SYSTEM32\profapi.dll
0x00007ffee5b00000 - 0x00007ffee5b18000 	D:\eclipse down\bin\zip.dll
0x00007ffee4f70000 - 0x00007ffee4f89000 	D:\eclipse down\bin\net.dll
0x00007ffeeba20000 - 0x00007ffeebb2d000 	C:\WINDOWS\SYSTEM32\WINHTTP.dll
0x00007ffeecfa0000 - 0x00007ffeed00a000 	C:\WINDOWS\system32\mswsock.dll
0x00007ffee4f50000 - 0x00007ffee4f66000 	D:\eclipse down\bin\nio.dll
0x00007ffee4c90000 - 0x00007ffee4caa000 	D:\intellij\IntelliJ IDEA 2023.3.6\bin\breakgen64.dll
0x00007ffee4ef0000 - 0x00007ffee4ef9000 	D:\eclipse down\bin\extnet.dll
0x00007ffeecce0000 - 0x00007ffeecdaa000 	C:\WINDOWS\SYSTEM32\DNSAPI.dll
0x00007ffeecca0000 - 0x00007ffeeccdb000 	C:\WINDOWS\SYSTEM32\IPHLPAPI.DLL
0x00007ffef01b0000 - 0x00007ffef01b8000 	C:\WINDOWS\System32\NSI.dll
0x00007ffedee90000 - 0x00007ffedee9a000 	C:\Windows\System32\rasadhlp.dll
0x00007ffee33a0000 - 0x00007ffee3420000 	C:\WINDOWS\System32\fwpuclnt.dll
0x00007ffee4f40000 - 0x00007ffee4f4a000 	D:\eclipse down\bin\management.dll
0x00007ffee4f00000 - 0x00007ffee4f0b000 	D:\eclipse down\bin\management_ext.dll
0x00007ffeee2f0000 - 0x00007ffeee2f8000 	C:\WINDOWS\System32\PSAPI.DLL
0x00007ffeed200000 - 0x00007ffeed218000 	C:\WINDOWS\SYSTEM32\CRYPTSP.dll
0x00007ffeec8e0000 - 0x00007ffeec914000 	C:\WINDOWS\system32\rsaenh.dll
0x00007ffeed830000 - 0x00007ffeed85e000 	C:\WINDOWS\SYSTEM32\USERENV.dll
0x00007ffeed130000 - 0x00007ffeed13c000 	C:\WINDOWS\SYSTEM32\CRYPTBASE.dll
0x00007ffee61c0000 - 0x00007ffee61d7000 	C:\WINDOWS\SYSTEM32\dhcpcsvc6.DLL
0x00007ffee52a0000 - 0x00007ffee52bd000 	C:\WINDOWS\SYSTEM32\dhcpcsvc.DLL
0x00007ffec5e30000 - 0x00007ffec5e47000 	C:\WINDOWS\system32\napinsp.dll
0x00007ffec57f0000 - 0x00007ffec580b000 	C:\WINDOWS\system32\pnrpnsp.dll
0x00007ffed5340000 - 0x00007ffed5355000 	C:\WINDOWS\system32\wshbth.dll
0x00007ffee8160000 - 0x00007ffee817d000 	C:\WINDOWS\system32\NLAapi.dll
0x00007ffec57d0000 - 0x00007ffec57e2000 	C:\WINDOWS\System32\winrnr.dll
0x00007ffee4ee0000 - 0x00007ffee4eee000 	D:\eclipse down\bin\sunmscapi.dll
0x00007ffeede60000 - 0x00007ffeedfbc000 	C:\WINDOWS\System32\CRYPT32.dll
0x00007ffeed290000 - 0x00007ffeed2b9000 	C:\WINDOWS\SYSTEM32\ncrypt.dll
0x00007ffeed240000 - 0x00007ffeed27b000 	C:\WINDOWS\SYSTEM32\NTASN1.dll
0x00007ffeb8700000 - 0x00007ffeb8707000 	C:\WINDOWS\system32\wshunix.dll

dbghelp: loaded successfully - version: 4.0.5 - missing functions: none
symbol engine: initialized successfully - sym options: 0x614 - pdb path: .;D:\eclipse down\bin;C:\WINDOWS\SYSTEM32;C:\WINDOWS\WinSxS\amd64_microsoft.windows.common-controls_6595b64144ccf1df_6.0.19041.4355_none_60b8b9eb71f62e16;D:\eclipse down\bin\server;D:\intellij\IntelliJ IDEA 2023.3.6\bin

VM Arguments:
jvm_args: -XX:TieredStopAtLevel=1 -Dspring.output.ansi.enabled=always -Dcom.sun.management.jmxremote -Dspring.jmx.enabled=true -Dspring.liveBeansView.mbeanDomain -Dspring.application.admin.enabled=true -Dmanagement.endpoints.jmx.exposure.include=* -javaagent:D:\intellij\IntelliJ IDEA 2023.3.6\lib\idea_rt.jar=49315:D:\intellij\IntelliJ IDEA 2023.3.6\bin -Dfile.encoding=UTF-8 
java_command: com.knu.mockin.MockinApplicationKt
java_class_path (initial): D:\backend\build\classes\kotlin\main;D:\backend\build\resources\main;C:\Users\USER\.gradle\caches\modules-2\files-2.1\org.springframework.boot\spring-boot-starter-web\3.3.4\b43a9fd107611337777b47dc7518e2aca59e58eb\spring-boot-starter-web-3.3.4.jar;C:\Users\USER\.gradle\caches\modules-2\files-2.1\org.springframework.boot\spring-boot-starter-webflux\3.3.4\c20cd6fecbe7770892ec9110be363a9b12249cf5\spring-boot-starter-webflux-3.3.4.jar;C:\Users\USER\.gradle\caches\modules-2\files-2.1\com.fasterxml.jackson.module\jackson-module-kotlin\2.17.2\67d4e4ec0538f59a28c92f7fa0b63bd2c8b0ef21\jackson-module-kotlin-2.17.2.jar;C:\Users\USER\.gradle\caches\modules-2\files-2.1\org.jetbrains.kotlin\kotlin-reflect\1.9.25\73023c38b7b20430232893cf9b556dc8486e07a4\kotlin-reflect-1.9.25.jar;C:\Users\USER\.gradle\caches\modules-2\files-2.1\org.jetbrains.kotlinx\kotlinx-coroutines-reactor\1.9.0\4d2d8b927a13a5ea154fb5178159b1ca0d9beadf\kotlinx-coroutines-reactor-1.9.0.jar;C:\Users\USER\.gradle\caches\modules-2\files-2.1\org.jetbrains.kotlinx\kotlinx-coroutines-reactive\1.9.0\fb9a8a6344ed71e1af305da3ad9e94235c03c6fd\kotlinx-coroutines-reactive-1.9.0.jar;C:\Users\USER\.gradle\caches\modules-2\files-2.1\org.jetbrains.kotlin\kotlin-stdlib\1.9.25\f700a2f2b8f0d6d0fde48f56d894dc722fb029d7\kotlin-stdlib-1.9.25.jar;C:\Users\USER\.gradle\caches\modules-2\files-2.1\org.springframework.boot\spring-boot-starter-data-r2dbc\3.3.4\76ab049ceb2ce789e7bc03723c414179f50aa548\spring-boot-starter-data-r2dbc-3.3.4.jar;C:\Users\USER\.gradle\caches\modules-2\files-2.1\org.springframework.boot\spring-boot-starter-aop\3.3.4\4e0fef42facab9dbdbc7784dc4fb7698bf1c6b49\spring-boot-starter-aop-3.3.4.jar;C:\Users\USER\.gradle\caches\modules-2\files-2.1\org.springframework.boot\spring-boot-starter-logging\3.3.4\c83073c0f5574b2146695ab716bcef3d6baa45e6\spring-boot-starter-logging-3.3.4.jar;C:\Users\USER\.gradle\caches\modules-2\files-2.1\io.asyncer\r2dbc-mysql\1.2.0\e1ecfa9065867c65e475c669dff9414483db
Launcher Type: SUN_STANDARD

[Global flags]
     intx CICompilerCount                          = 4                                         {product} {ergonomic}
     uint ConcGCThreads                            = 2                                         {product} {ergonomic}
     uint G1ConcRefinementThreads                  = 8                                         {product} {ergonomic}
   size_t G1HeapRegionSize                         = 1048576                                   {product} {ergonomic}
    uintx GCDrainStackTargetSize                   = 64                                        {product} {ergonomic}
   size_t InitialHeapSize                          = 132120576                                 {product} {ergonomic}
     bool ManagementServer                         = true                                      {product} {command line}
   size_t MarkStackSize                            = 4194304                                   {product} {ergonomic}
   size_t MaxHeapSize                              = 2095054848                                {product} {ergonomic}
   size_t MaxNewSize                               = 1256194048                                {product} {ergonomic}
   size_t MinHeapDeltaBytes                        = 1048576                                   {product} {ergonomic}
   size_t MinHeapSize                              = 8388608                                   {product} {ergonomic}
    uintx NonProfiledCodeHeapSize                  = 0                                      {pd product} {ergonomic}
     bool ProfileInterpreter                       = false                                  {pd product} {command line}
    uintx ProfiledCodeHeapSize                     = 0                                      {pd product} {ergonomic}
   size_t SoftMaxHeapSize                          = 2095054848                             {manageable} {ergonomic}
     intx TieredStopAtLevel                        = 1                                         {product} {command line}
     bool UseCompressedClassPointers               = true                           {product lp64_product} {ergonomic}
     bool UseCompressedOops                        = true                           {product lp64_product} {ergonomic}
     bool UseG1GC                                  = true                                      {product} {ergonomic}
     bool UseLargePagesIndividualAllocation        = false                                  {pd product} {ergonomic}

Logging:
Log output configuration:
 #0: stdout all=warning uptime,level,tags
 #1: stderr all=off uptime,level,tags

Environment Variables:
JAVA_HOME=D:\32bit_jdk17
PATH=D:\eclipse down\bin\;C:\Program Files (x86)\Common Files\Oracle\Java\javapath;C:\ProgramData\Oracle\Java\javapath;C:\WINDOWS\system32;C:\WINDOWS;C:\WINDOWS\System32\Wbem;C:\WINDOWS\System32\WindowsPowerShell\v1.0\;C:\WINDOWS\System32\OpenSSH\;C:\netcat-win32-1.11\netcat-1.11;C:\x86_64-8.1.0-release-win32-seh-rt_v6-rev0\bin;C:\MinGW\bin;D:\jdk11\openjdk-11+28_windows-x64_bin\jdk-11\bin;C:\Program Files\MySQL\MySQL Server 8.0\bin;D:\Git\cmd;C:\Program Files\Bandizip\;C:\Program Files\nodejs\;C:\ProgramData\chocolatey\bin;C:\Program Files\OpenSSL-Win64\bin;D:\mongodb-win32-x86_64-windows-4.4.4\bin;;C:\Program Files\Docker\Docker\resources\bin;D:\spring_project_file\tomcat_32\apache-tomcat-10.1.20\bin;C:\Program Files\MySQL\MySQL Shell 8.0\bin\;C:\Users\USER\AppData\Local\Microsoft\WindowsApps;D:\Microsoft VS Code\bin;D:\intellij\IntelliJ IDEA 2023.3.6\bin;;C:\Users\USER\AppData\Roaming\npm;C:\Program Files\nodejs\
USERNAME=USER
OS=Windows_NT
PROCESSOR_IDENTIFIER=Intel64 Family 6 Model 142 Stepping 11, GenuineIntel
TMP=C:\Users\USER\AppData\Local\Temp
TEMP=C:\Users\USER\AppData\Local\Temp



Periodic native trim disabled


---------------  S Y S T E M  ---------------

OS:
 Windows 10 , 64 bit Build 19041 (10.0.19041.4842)
OS uptime: 0 days 1:47 hours
Hyper-V role detected

CPU: total 8 (initial active 8) (4 cores per cpu, 2 threads per core) family 6 model 142 stepping 11 microcode 0xae, cx8, cmov, fxsr, ht, mmx, 3dnowpref, sse, sse2, sse3, ssse3, sse4.1, sse4.2, popcnt, lzcnt, tsc, tscinvbit, avx, avx2, aes, erms, clmul, bmi1, bmi2, adx, fma, vzeroupper, clflush, clflushopt, hv
Processor Information for all 8 processors :
  Max Mhz: 1800, Current Mhz: 1400, Mhz Limit: 1584

Memory: 4k page, system-wide physical 7986M (517M free)
TotalPageFile size 11896M (AvailPageFile size 38M)
current process WorkingSet (physical memory assigned to process): 297M, peak: 297M
current process commit charge ("private bytes"): 360M, peak: 489M

vm_info: OpenJDK 64-Bit Server VM (17.0.10+13-LTS) for windows-amd64 JRE (17.0.10+13-LTS), built on Jan 12 2024 12:35:25 by "" with MS VC++ 17.1 (VS2022)

END.
