#
# There is insufficient memory for the Java Runtime Environment to continue.
# Native memory allocation (mmap) failed to map 132120576 bytes for G1 virtual space
# Possible reasons:
#   The system is out of physical RAM or swap space
#   The process is running with CompressedOops enabled, and the Java Heap may be blocking the growth of the native heap
# Possible solutions:
#   Reduce memory load on the system
#   Increase physical memory or swap space
#   Check if swap backing store is full
#   Decrease Java heap size (-Xmx/-Xms)
#   Decrease number of Java threads
#   Decrease Java thread stack sizes (-Xss)
#   Set larger code cache with -XX:ReservedCodeCacheSize=
#   JVM is running with Unscaled Compressed Oops mode in which the Java heap is
#     placed in the first 4GB address space. The Java Heap base address is the
#     maximum limit for the native heap growth. Please use -XX:HeapBaseMinAddress
#     to set the Java Heap base and to place the Java Heap above 4GB virtual address.
# This output file may be truncated or incomplete.
#
#  Out of Memory Error (os_windows.cpp:3613), pid=19352, tid=3424
#
# JRE version:  (17.0.10+13) (build )
# Java VM: OpenJDK 64-Bit Server VM (17.0.10+13-LTS, mixed mode, sharing, tiered, compressed oops, compressed class ptrs, g1 gc, windows-amd64)
# No core dump will be written. Minidumps are not enabled by default on client versions of Windows
#

---------------  S U M M A R Y ------------

Command Line: -XX:TieredStopAtLevel=1 -Dspring.output.ansi.enabled=always -Dcom.sun.management.jmxremote -Dspring.jmx.enabled=true -Dspring.liveBeansView.mbeanDomain -Dspring.application.admin.enabled=true -Dmanagement.endpoints.jmx.exposure.include=* -javaagent:D:\intellij\IntelliJ IDEA 2023.3.6\lib\idea_rt.jar=55313:D:\intellij\IntelliJ IDEA 2023.3.6\bin -Dfile.encoding=UTF-8 com.knu.mockin.MockinApplicationKt

Host: Intel(R) Core(TM) i5-8265U CPU @ 1.60GHz, 8 cores, 7G,  Windows 10 , 64 bit Build 19041 (10.0.19041.4842)
Time: Fri Oct  4 16:28:48 2024  Windows 10 , 64 bit Build 19041 (10.0.19041.4842) elapsed time: 0.034658 seconds (0d 0h 0m 0s)

---------------  T H R E A D  ---------------

Current thread (0x0000013292bd7230):  JavaThread "Unknown thread" [_thread_in_vm, id=3424, stack(0x0000001b89800000,0x0000001b89900000)]

Stack: [0x0000001b89800000,0x0000001b89900000]
Native frames: (J=compiled Java code, j=interpreted, Vv=VM code, C=native code)
V  [jvm.dll+0x67c489]
V  [jvm.dll+0x8329f8]
V  [jvm.dll+0x8344be]
V  [jvm.dll+0x834b23]
V  [jvm.dll+0x24805f]
V  [jvm.dll+0x6792b9]
V  [jvm.dll+0x66de1a]
V  [jvm.dll+0x306976]
V  [jvm.dll+0x30dd66]
V  [jvm.dll+0x35d73e]
V  [jvm.dll+0x35d96f]
V  [jvm.dll+0x2dd718]
V  [jvm.dll+0x2de684]
V  [jvm.dll+0x8044e1]
V  [jvm.dll+0x36b3e1]
V  [jvm.dll+0x7e2fd2]
V  [jvm.dll+0x3ef2bf]
V  [jvm.dll+0x3f0ee1]
C  [jli.dll+0x5287]
C  [ucrtbase.dll+0x21bb2]
C  [KERNEL32.DLL+0x17374]
C  [ntdll.dll+0x4cc91]


---------------  P R O C E S S  ---------------

Threads class SMR info:
_java_thread_list=0x00007ffb4f8f1538, length=0, elements={
}

Java Threads: ( => current thread )

Other Threads:
  0x0000013292c30640 GCTaskThread "GC Thread#0" [stack: 0x0000001b89900000,0x0000001b89a00000] [id=23088]
  0x0000013292c40f50 ConcurrentGCThread "G1 Main Marker" [stack: 0x0000001b89a00000,0x0000001b89b00000] [id=20844]
  0x0000013292c43120 ConcurrentGCThread "G1 Conc#0" [stack: 0x0000001b89b00000,0x0000001b89c00000] [id=23520]

[error occurred during error reporting (printing all threads), id 0xc0000005, EXCEPTION_ACCESS_VIOLATION (0xc0000005) at pc=0x00007ffb4f0ae4f7]

VM state: not at safepoint (not fully initialized)

VM Mutex/Monitor currently owned by a thread:  ([mutex/lock_event])
[0x0000013292bd2b20] Heap_lock - owner thread: 0x0000013292bd7230

Heap address: 0x0000000083200000, size: 1998 MB, Compressed Oops mode: 32-bit

CDS archive(s) mapped at: [0x0000000000000000-0x0000000000000000-0x0000000000000000), size 0, SharedBaseAddress: 0x0000000800000000, ArchiveRelocationMode: 1.
Narrow klass base: 0x0000000000000000, Narrow klass shift: 0, Narrow klass range: 0x0

GC Precious Log:
<Empty>

Heap:
 garbage-first heap   total 0K, used 0K [0x0000000083200000, 0x0000000100000000)
  region size 1024K, 0 young (0K), 0 survivors (0K)

[error occurred during error reporting (printing heap information), id 0xc0000005, EXCEPTION_ACCESS_VIOLATION (0xc0000005) at pc=0x00007ffb4f495c59]

GC Heap History (0 events):
No events

Dll operation events (1 events):
Event: 0.021 Loaded shared library D:\eclipse down\bin\java.dll

Deoptimization events (0 events):
No events

Classes unloaded (0 events):
No events

Classes redefined (0 events):
No events

Internal exceptions (0 events):
No events

VM Operations (0 events):
No events

Events (0 events):
No events


Dynamic libraries:
0x00007ff6b23e0000 - 0x00007ff6b23ee000 	D:\eclipse down\bin\java.exe
0x00007ffb8bdb0000 - 0x00007ffb8bfa8000 	C:\WINDOWS\SYSTEM32\ntdll.dll
0x00007ffb8b200000 - 0x00007ffb8b2c1000 	C:\WINDOWS\System32\KERNEL32.DLL
0x00007ffb89560000 - 0x00007ffb8985d000 	C:\WINDOWS\System32\KERNELBASE.dll
0x00007ffb89460000 - 0x00007ffb89560000 	C:\WINDOWS\System32\ucrtbase.dll
0x00007ffb85570000 - 0x00007ffb8558b000 	D:\eclipse down\bin\VCRUNTIME140.dll
0x00007ffb85590000 - 0x00007ffb855a7000 	D:\eclipse down\bin\jli.dll
0x00007ffb8b760000 - 0x00007ffb8b8fd000 	C:\WINDOWS\System32\USER32.dll
0x00007ffb89920000 - 0x00007ffb89942000 	C:\WINDOWS\System32\win32u.dll
0x00007ffb8af30000 - 0x00007ffb8af5b000 	C:\WINDOWS\System32\GDI32.dll
0x00007ffb89ab0000 - 0x00007ffb89bc7000 	C:\WINDOWS\System32\gdi32full.dll
0x00007ffb75e70000 - 0x00007ffb7610a000 	C:\WINDOWS\WinSxS\amd64_microsoft.windows.common-controls_6595b64144ccf1df_6.0.19041.4355_none_60b8b9eb71f62e16\COMCTL32.dll
0x00007ffb89d40000 - 0x00007ffb89ddd000 	C:\WINDOWS\System32\msvcp_win.dll
0x00007ffb8b480000 - 0x00007ffb8b51e000 	C:\WINDOWS\System32\msvcrt.dll
0x00007ffb8ab30000 - 0x00007ffb8ab5f000 	C:\WINDOWS\System32\IMM32.DLL
0x00007ffb85510000 - 0x00007ffb8551c000 	D:\eclipse down\bin\vcruntime140_1.dll
0x00007ffb56200000 - 0x00007ffb5628e000 	D:\eclipse down\bin\msvcp140.dll
0x00007ffb4edc0000 - 0x00007ffb4fa24000 	D:\eclipse down\bin\server\jvm.dll
0x00007ffb8b520000 - 0x00007ffb8b5d0000 	C:\WINDOWS\System32\ADVAPI32.dll
0x00007ffb8b2d0000 - 0x00007ffb8b370000 	C:\WINDOWS\System32\sechost.dll
0x00007ffb8aca0000 - 0x00007ffb8adc3000 	C:\WINDOWS\System32\RPCRT4.dll
0x00007ffb89bd0000 - 0x00007ffb89bf7000 	C:\WINDOWS\System32\bcrypt.dll
0x00007ffb6f670000 - 0x00007ffb6f697000 	C:\WINDOWS\SYSTEM32\WINMM.dll
0x00007ffb5d110000 - 0x00007ffb5d119000 	C:\WINDOWS\SYSTEM32\WSOCK32.dll
0x00007ffb892b0000 - 0x00007ffb892fb000 	C:\WINDOWS\SYSTEM32\POWRPROF.dll
0x00007ffb8b400000 - 0x00007ffb8b46b000 	C:\WINDOWS\System32\WS2_32.dll
0x00007ffb82340000 - 0x00007ffb8234a000 	C:\WINDOWS\SYSTEM32\VERSION.dll
0x00007ffb89290000 - 0x00007ffb892a2000 	C:\WINDOWS\SYSTEM32\UMPDC.dll
0x00007ffb87f10000 - 0x00007ffb87f22000 	C:\WINDOWS\SYSTEM32\kernel.appcore.dll
0x00007ffb85500000 - 0x00007ffb8550a000 	D:\eclipse down\bin\jimage.dll
0x00007ffb87820000 - 0x00007ffb87a04000 	C:\WINDOWS\SYSTEM32\DBGHELP.DLL
0x00007ffb877e0000 - 0x00007ffb87814000 	C:\WINDOWS\SYSTEM32\dbgcore.DLL
0x00007ffb89cb0000 - 0x00007ffb89d32000 	C:\WINDOWS\System32\bcryptPrimitives.dll
0x00007ffb854f0000 - 0x00007ffb854fe000 	D:\eclipse down\bin\instrument.dll
0x00007ffb82790000 - 0x00007ffb827b5000 	D:\eclipse down\bin\java.dll

dbghelp: loaded successfully - version: 4.0.5 - missing functions: none
symbol engine: initialized successfully - sym options: 0x614 - pdb path: .;D:\eclipse down\bin;C:\WINDOWS\SYSTEM32;C:\WINDOWS\WinSxS\amd64_microsoft.windows.common-controls_6595b64144ccf1df_6.0.19041.4355_none_60b8b9eb71f62e16;D:\eclipse down\bin\server

VM Arguments:
jvm_args: -XX:TieredStopAtLevel=1 -Dspring.output.ansi.enabled=always -Dcom.sun.management.jmxremote -Dspring.jmx.enabled=true -Dspring.liveBeansView.mbeanDomain -Dspring.application.admin.enabled=true -Dmanagement.endpoints.jmx.exposure.include=* -javaagent:D:\intellij\IntelliJ IDEA 2023.3.6\lib\idea_rt.jar=55313:D:\intellij\IntelliJ IDEA 2023.3.6\bin -Dfile.encoding=UTF-8 
java_command: com.knu.mockin.MockinApplicationKt
java_class_path (initial): D:\backend\build\classes\kotlin\main;D:\backend\build\resources\main;C:\Users\USER\.gradle\caches\modules-2\files-2.1\org.springframework.boot\spring-boot-starter-web\3.3.4\b43a9fd107611337777b47dc7518e2aca59e58eb\spring-boot-starter-web-3.3.4.jar;C:\Users\USER\.gradle\caches\modules-2\files-2.1\org.springframework.boot\spring-boot-starter-webflux\3.3.4\c20cd6fecbe7770892ec9110be363a9b12249cf5\spring-boot-starter-webflux-3.3.4.jar;C:\Users\USER\.gradle\caches\modules-2\files-2.1\com.fasterxml.jackson.module\jackson-module-kotlin\2.17.2\67d4e4ec0538f59a28c92f7fa0b63bd2c8b0ef21\jackson-module-kotlin-2.17.2.jar;C:\Users\USER\.gradle\caches\modules-2\files-2.1\org.jetbrains.kotlin\kotlin-reflect\1.9.25\73023c38b7b20430232893cf9b556dc8486e07a4\kotlin-reflect-1.9.25.jar;C:\Users\USER\.gradle\caches\modules-2\files-2.1\org.jetbrains.kotlinx\kotlinx-coroutines-reactor\1.9.0\4d2d8b927a13a5ea154fb5178159b1ca0d9beadf\kotlinx-coroutines-reactor-1.9.0.jar;C:\Users\USER\.gradle\caches\modules-2\files-2.1\org.jetbrains.kotlinx\kotlinx-coroutines-reactive\1.9.0\fb9a8a6344ed71e1af305da3ad9e94235c03c6fd\kotlinx-coroutines-reactive-1.9.0.jar;C:\Users\USER\.gradle\caches\modules-2\files-2.1\org.jetbrains.kotlin\kotlin-stdlib\1.9.25\f700a2f2b8f0d6d0fde48f56d894dc722fb029d7\kotlin-stdlib-1.9.25.jar;C:\Users\USER\.gradle\caches\modules-2\files-2.1\org.springframework.boot\spring-boot-starter-data-r2dbc\3.3.4\76ab049ceb2ce789e7bc03723c414179f50aa548\spring-boot-starter-data-r2dbc-3.3.4.jar;C:\Users\USER\.gradle\caches\modules-2\files-2.1\org.springframework.boot\spring-boot-starter-logging\3.3.4\c83073c0f5574b2146695ab716bcef3d6baa45e6\spring-boot-starter-logging-3.3.4.jar;C:\Users\USER\.gradle\caches\modules-2\files-2.1\io.asyncer\r2dbc-mysql\1.2.0\e1ecfa9065867c65e475c669dff9414483db22c1\r2dbc-mysql-1.2.0.jar;C:\Users\USER\.gradle\caches\modules-2\files-2.1\org.springframework.boot\spring-boot-starter-json\3.3.4\816ab4ccd364350e3d0b5c1d53c2e5302a49eae6\spring
Launcher Type: SUN_STANDARD

[Global flags]
     intx CICompilerCount                          = 4                                         {product} {ergonomic}
     uint ConcGCThreads                            = 2                                         {product} {ergonomic}
     uint G1ConcRefinementThreads                  = 8                                         {product} {ergonomic}
   size_t G1HeapRegionSize                         = 1048576                                   {product} {ergonomic}
    uintx GCDrainStackTargetSize                   = 64                                        {product} {ergonomic}
   size_t InitialHeapSize                          = 132120576                                 {product} {ergonomic}
     bool ManagementServer                         = true                                      {product} {command line}
   size_t MarkStackSize                            = 4194304                                   {product} {ergonomic}
   size_t MaxHeapSize                              = 2095054848                                {product} {ergonomic}
   size_t MinHeapDeltaBytes                        = 1048576                                   {product} {ergonomic}
   size_t MinHeapSize                              = 8388608                                   {product} {ergonomic}
    uintx NonProfiledCodeHeapSize                  = 0                                      {pd product} {ergonomic}
     bool ProfileInterpreter                       = false                                  {pd product} {command line}
    uintx ProfiledCodeHeapSize                     = 0                                      {pd product} {ergonomic}
   size_t SoftMaxHeapSize                          = 2095054848                             {manageable} {ergonomic}
     intx TieredStopAtLevel                        = 1                                         {product} {command line}
     bool UseCompressedClassPointers               = true                           {product lp64_product} {ergonomic}
     bool UseCompressedOops                        = true                           {product lp64_product} {ergonomic}
     bool UseG1GC                                  = true                                      {product} {ergonomic}
     bool UseLargePagesIndividualAllocation        = false                                  {pd product} {ergonomic}

Logging:
Log output configuration:
 #0: stdout all=warning uptime,level,tags
 #1: stderr all=off uptime,level,tags

Environment Variables:
JAVA_HOME=D:\32bit_jdk17
PATH=D:\eclipse down\bin\;C:\Program Files (x86)\Common Files\Oracle\Java\javapath;C:\ProgramData\Oracle\Java\javapath;C:\WINDOWS\system32;C:\WINDOWS;C:\WINDOWS\System32\Wbem;C:\WINDOWS\System32\WindowsPowerShell\v1.0\;C:\WINDOWS\System32\OpenSSH\;C:\netcat-win32-1.11\netcat-1.11;C:\x86_64-8.1.0-release-win32-seh-rt_v6-rev0\bin;C:\MinGW\bin;D:\jdk11\openjdk-11+28_windows-x64_bin\jdk-11\bin;C:\Program Files\MySQL\MySQL Server 8.0\bin;D:\Git\cmd;C:\Program Files\Bandizip\;C:\Program Files\nodejs\;C:\ProgramData\chocolatey\bin;C:\Program Files\OpenSSL-Win64\bin;D:\mongodb-win32-x86_64-windows-4.4.4\bin;;C:\Program Files\Docker\Docker\resources\bin;D:\spring_project_file\tomcat_32\apache-tomcat-10.1.20\bin;C:\Program Files\MySQL\MySQL Shell 8.0\bin\;C:\Users\USER\AppData\Local\Microsoft\WindowsApps;D:\Microsoft VS Code\bin;D:\intellij\IntelliJ IDEA 2023.3.6\bin;C:\Users\USER\AppData\Roaming\npm
USERNAME=USER
OS=Windows_NT
PROCESSOR_IDENTIFIER=Intel64 Family 6 Model 142 Stepping 11, GenuineIntel
TMP=C:\Users\USER\AppData\Local\Temp
TEMP=C:\Users\USER\AppData\Local\Temp



Periodic native trim disabled


---------------  S Y S T E M  ---------------

OS:
 Windows 10 , 64 bit Build 19041 (10.0.19041.4842)
OS uptime: 0 days 2:01 hours
Hyper-V role detected

CPU: total 8 (initial active 8) (4 cores per cpu, 2 threads per core) family 6 model 142 stepping 11 microcode 0xae, cx8, cmov, fxsr, ht, mmx, 3dnowpref, sse, sse2, sse3, ssse3, sse4.1, sse4.2, popcnt, lzcnt, tsc, tscinvbit, avx, avx2, aes, erms, clmul, bmi1, bmi2, adx, fma, vzeroupper, clflush, clflushopt, hv
Processor Information for processor 0
  Max Mhz: 1800, Current Mhz: 1400, Mhz Limit: 1584
Processor Information for processor 1
  Max Mhz: 1800, Current Mhz: 1600, Mhz Limit: 1584
Processor Information for processor 2
  Max Mhz: 1800, Current Mhz: 1600, Mhz Limit: 1584
Processor Information for processor 3
  Max Mhz: 1800, Current Mhz: 1400, Mhz Limit: 1584
Processor Information for processor 4
  Max Mhz: 1800, Current Mhz: 1600, Mhz Limit: 1584
Processor Information for processor 5
  Max Mhz: 1800, Current Mhz: 1600, Mhz Limit: 1584
Processor Information for processor 6
  Max Mhz: 1800, Current Mhz: 1400, Mhz Limit: 1584
Processor Information for processor 7
  Max Mhz: 1800, Current Mhz: 1600, Mhz Limit: 1584

Memory: 4k page, system-wide physical 7986M (379M free)
TotalPageFile size 11392M (AvailPageFile size 56M)
current process WorkingSet (physical memory assigned to process): 10M, peak: 10M
current process commit charge ("private bytes"): 55M, peak: 181M

vm_info: OpenJDK 64-Bit Server VM (17.0.10+13-LTS) for windows-amd64 JRE (17.0.10+13-LTS), built on Jan 12 2024 12:35:25 by "" with MS VC++ 17.1 (VS2022)

END.
